[0.073s] Invoking command in '/home/pi/CANOPS/build/my_main': CMAKE_PREFIX_PATH=/opt/ros/humble /usr/bin/cmake --build /home/pi/CANOPS/build/my_main -- -j4 -l4
[0.176s] -- Found ament_cmake: 1.3.9 (/opt/ros/humble/share/ament_cmake/cmake)
[0.737s] -- Found cv_bridge: 3.2.1 (/opt/ros/humble/share/cv_bridge/cmake)
[0.915s] -- Found rosidl_generator_c: 3.1.5 (/opt/ros/humble/share/rosidl_generator_c/cmake)
[0.925s] -- Found rosidl_adapter: 3.1.5 (/opt/ros/humble/share/rosidl_adapter/cmake)
[0.949s] -- Found rosidl_generator_cpp: 3.1.5 (/opt/ros/humble/share/rosidl_generator_cpp/cmake)
[0.992s] -- Using all available rosidl_typesupport_c: rosidl_typesupport_fastrtps_c;rosidl_typesupport_introspection_c
[1.054s] -- Using all available rosidl_typesupport_cpp: rosidl_typesupport_fastrtps_cpp;rosidl_typesupport_introspection_cpp
[1.854s] -- Found rclcpp: 16.0.9 (/opt/ros/humble/share/rclcpp/cmake)
[2.037s] -- Found rmw_implementation_cmake: 6.1.2 (/opt/ros/humble/share/rmw_implementation_cmake/cmake)
[2.043s] -- Found rmw_fastrtps_cpp: 6.2.6 (/opt/ros/humble/share/rmw_fastrtps_cpp/cmake)
[2.903s] -- Using RMW implementation 'rmw_fastrtps_cpp' as default
[3.442s] -- Found ament_lint_auto: 0.12.11 (/opt/ros/humble/share/ament_lint_auto/cmake)
[3.847s] -- Added test 'cppcheck' to perform static code analysis on C / C++ code
[3.848s] -- Configured cppcheck include dirs: 
[3.848s] -- Configured cppcheck exclude dirs and/or files: 
[3.859s] -- Added test 'flake8' to check Python code syntax and style conventions
[3.881s] -- Added test 'lint_cmake' to check CMake code style
[3.892s] -- Added test 'pep257' to check Python code against some of the docstring style conventions in PEP 257
[3.954s] -- Added test 'uncrustify' to check C / C++ code style
[3.954s] -- Configured uncrustify additional arguments: 
[3.965s] -- Added test 'xmllint' to check XML markup files
[3.976s] -- Configuring done
[4.132s] -- Generating done
[4.143s] -- Build files have been written to: /home/pi/CANOPS/build/my_main
[4.260s] [35m[1mConsolidate compiler generated dependencies of target camera[0m
[4.261s] [35m[1mConsolidate compiler generated dependencies of target object[0m
[4.299s] [ 16%] [32mBuilding CXX object CMakeFiles/CAN.dir/src/CANMessaging.cpp.o[0m
[4.457s] [ 50%] Built target camera
[4.458s] [ 66%] [32mBuilding CXX object CMakeFiles/object.dir/src/ObjectDetNode.cpp.o[0m
[16.960s] [01m[K/home/pi/CANOPS/src/my_main/src/CANMessaging.cpp:[m[K In member function ‘[01m[Kvoid CANMessage::detect_callback(const Bool&)[m[K’:
[16.966s] [01m[K/home/pi/CANOPS/src/my_main/src/CANMessaging.cpp:34:23:[m[K [01;31m[Kerror: [m[Kbase operand of ‘[01m[K->[m[K’ has non-pointer type ‘[01m[Kconst Bool[m[K’ {aka ‘[01m[Kconst std_msgs::msg::Bool_<std::allocator<void> >[m[K’}
[16.966s]    34 |                 if(msg[01;31m[K->[m[Kdata){
[16.967s]       |                       [01;31m[K^~[m[K
[16.967s] [01m[K/home/pi/CANOPS/src/my_main/src/CANMessaging.cpp:35:77:[m[K [01;31m[Kerror: [m[Kcannot convert ‘[01m[K<brace-enclosed initializer list>[m[K’ to ‘[01m[Kuint8_t[m[K’ {aka ‘[01m[Kunsigned char[m[K’} in assignment
[16.968s]    35 |                     sendData[LEN] = {0x22,0x13,0x40,0x00,0x52,0x00,0x00,0x00[01;31m[K}[m[K;
[16.968s]       |                                                                             [01;31m[K^[m[K
[16.968s] [01m[K/home/pi/CANOPS/src/my_main/src/CANMessaging.cpp:39:77:[m[K [01;31m[Kerror: [m[Kcannot convert ‘[01m[K<brace-enclosed initializer list>[m[K’ to ‘[01m[Kuint8_t[m[K’ {aka ‘[01m[Kunsigned char[m[K’} in assignment
[16.972s]    39 |                     sendData[LEN] = {0x22,0x13,0x40,0x00,0x29,0x00,0x00,0x00[01;31m[K}[m[K;
[16.972s]       |                                                                             [01;31m[K^[m[K
[16.973s] [01m[K/home/pi/CANOPS/src/my_main/src/CANMessaging.cpp:43:77:[m[K [01;31m[Kerror: [m[Kcannot convert ‘[01m[K<brace-enclosed initializer list>[m[K’ to ‘[01m[Kuint8_t[m[K’ {aka ‘[01m[Kunsigned char[m[K’} in assignment
[16.994s]    43 |                     sendData[LEN] = {0x22,0x13,0x40,0x00,0x00,0x00,0x00,0x00[01;31m[K}[m[K;
[16.995s]       |                                                                             [01;31m[K^[m[K
[16.996s] [01m[K/home/pi/CANOPS/src/my_main/src/CANMessaging.cpp:47:77:[m[K [01;31m[Kerror: [m[Kcannot convert ‘[01m[K<brace-enclosed initializer list>[m[K’ to ‘[01m[Kuint8_t[m[K’ {aka ‘[01m[Kunsigned char[m[K’} in assignment
[16.998s]    47 |                     sendData[LEN] = {0x42,0x13,0x40,0x00,0xA5,0x00,0x00,0x00[01;31m[K}[m[K;
[16.998s]       |                                                                             [01;31m[K^[m[K
[16.999s] [01m[K/home/pi/CANOPS/src/my_main/src/CANMessaging.cpp:[m[K In member function ‘[01m[Kvoid CANMessage::SendMessage(uint32_t, uint8_t*, uint8_t)[m[K’:
[17.000s] [01m[K/home/pi/CANOPS/src/my_main/src/CANMessaging.cpp:57:17:[m[K [01;31m[Kerror: [m[K‘[01m[Kmsg[m[K’ was not declared in this scope
[17.000s]    57 |                 [01;31m[Kmsg[m[K.LEN = length
[17.001s]       |                 [01;31m[K^~~[m[K
[17.002s] [01m[K/home/pi/CANOPS/src/my_main/src/CANMessaging.cpp:57:17:[m[K [01;36m[Knote: [m[Ksuggested alternatives:
[17.003s] In file included from [01m[K/opt/ros/humble/include/builtin_interfaces/builtin_interfaces/msg/duration.hpp:7[m[K,
[17.003s]                  from [01m[K/opt/ros/humble/include/rclcpp/rclcpp/duration.hpp:20[m[K,
[17.004s]                  from [01m[K/opt/ros/humble/include/rclcpp/rclcpp/qos.hpp:20[m[K,
[17.004s]                  from [01m[K/opt/ros/humble/include/rclcpp/rclcpp/node_interfaces/node_graph_interface.hpp:32[m[K,
[17.006s]                  from [01m[K/opt/ros/humble/include/rclcpp/rclcpp/client.hpp:42[m[K,
[17.008s]                  from [01m[K/opt/ros/humble/include/rclcpp/rclcpp/callback_group.hpp:24[m[K,
[17.010s]                  from [01m[K/opt/ros/humble/include/rclcpp/rclcpp/any_executable.hpp:20[m[K,
[17.011s]                  from [01m[K/opt/ros/humble/include/rclcpp/rclcpp/memory_strategy.hpp:25[m[K,
[17.012s]                  from [01m[K/opt/ros/humble/include/rclcpp/rclcpp/memory_strategies.hpp:18[m[K,
[17.012s]                  from [01m[K/opt/ros/humble/include/rclcpp/rclcpp/executor_options.hpp:20[m[K,
[17.013s]                  from [01m[K/opt/ros/humble/include/rclcpp/rclcpp/executor.hpp:37[m[K,
[17.013s]                  from [01m[K/opt/ros/humble/include/rclcpp/rclcpp/executors/multi_threaded_executor.hpp:25[m[K,
[17.014s]                  from [01m[K/opt/ros/humble/include/rclcpp/rclcpp/executors.hpp:21[m[K,
[17.015s]                  from [01m[K/opt/ros/humble/include/rclcpp/rclcpp/rclcpp.hpp:155[m[K,
[17.015s]                  from [01m[K/home/pi/CANOPS/src/my_main/src/CANMessaging.cpp:3[m[K:
[17.016s] [01m[K/opt/ros/humble/include/builtin_interfaces/builtin_interfaces/msg/detail/duration__struct.hpp:27:11:[m[K [01;36m[Knote: [m[K  ‘[01m[Kbuiltin_interfaces::msg[m[K’
[17.017s]    27 | namespace [01;36m[Kmsg[m[K
[17.017s]       |           [01;36m[K^~~[m[K
[17.018s] In file included from [01m[K/opt/ros/humble/include/rcl_interfaces/rcl_interfaces/msg/set_parameters_result.hpp:7[m[K,
[17.019s]                  from [01m[K/opt/ros/humble/include/rclcpp/rclcpp/qos_overriding_options.hpp:28[m[K,
[17.019s]                  from [01m[K/opt/ros/humble/include/rclcpp/rclcpp/subscription_options.hpp:30[m[K,
[17.020s]                  from [01m[K/opt/ros/humble/include/rclcpp/rclcpp/subscription.hpp:45[m[K,
[17.021s]                  from [01m[K/opt/ros/humble/include/rclcpp/rclcpp/any_executable.hpp:25[m[K,
[17.022s]                  from [01m[K/opt/ros/humble/include/rclcpp/rclcpp/memory_strategy.hpp:25[m[K,
[17.022s]                  from [01m[K/opt/ros/humble/include/rclcpp/rclcpp/memory_strategies.hpp:18[m[K,
[17.023s]                  from [01m[K/opt/ros/humble/include/rclcpp/rclcpp/executor_options.hpp:20[m[K,
[17.024s]                  from [01m[K/opt/ros/humble/include/rclcpp/rclcpp/executor.hpp:37[m[K,
[17.024s]                  from [01m[K/opt/ros/humble/include/rclcpp/rclcpp/executors/multi_threaded_executor.hpp:25[m[K,
[17.025s]                  from [01m[K/opt/ros/humble/include/rclcpp/rclcpp/executors.hpp:21[m[K,
[17.026s]                  from [01m[K/opt/ros/humble/include/rclcpp/rclcpp/rclcpp.hpp:155[m[K,
[17.026s]                  from [01m[K/home/pi/CANOPS/src/my_main/src/CANMessaging.cpp:3[m[K:
[17.027s] [01m[K/opt/ros/humble/include/rcl_interfaces/rcl_interfaces/msg/detail/set_parameters_result__struct.hpp:27:11:[m[K [01;36m[Knote: [m[K  ‘[01m[Krcl_interfaces::msg[m[K’
[17.028s]    27 | namespace [01;36m[Kmsg[m[K
[17.028s]       |           [01;36m[K^~~[m[K
[17.029s] In file included from [01m[K/opt/ros/humble/include/statistics_msgs/statistics_msgs/msg/detail/metrics_message__struct.hpp:23[m[K,
[17.030s]                  from [01m[K/opt/ros/humble/include/statistics_msgs/statistics_msgs/msg/metrics_message.hpp:7[m[K,
[17.031s]                  from [01m[K/opt/ros/humble/include/libstatistics_collector/libstatistics_collector/collector/generate_statistics_message.hpp:21[m[K,
[17.031s]                  from [01m[K/opt/ros/humble/include/rclcpp/rclcpp/topic_statistics/subscription_topic_statistics.hpp:23[m[K,
[17.032s]                  from [01m[K/opt/ros/humble/include/rclcpp/rclcpp/subscription.hpp:50[m[K,
[17.033s]                  from [01m[K/opt/ros/humble/include/rclcpp/rclcpp/any_executable.hpp:25[m[K,
[17.033s]                  from [01m[K/opt/ros/humble/include/rclcpp/rclcpp/memory_strategy.hpp:25[m[K,
[17.034s]                  from [01m[K/opt/ros/humble/include/rclcpp/rclcpp/memory_strategies.hpp:18[m[K,
[17.035s]                  from [01m[K/opt/ros/humble/include/rclcpp/rclcpp/executor_options.hpp:20[m[K,
[17.035s]                  from [01m[K/opt/ros/humble/include/rclcpp/rclcpp/executor.hpp:37[m[K,
[17.036s]                  from [01m[K/opt/ros/humble/include/rclcpp/rclcpp/executors/multi_threaded_executor.hpp:25[m[K,
[17.036s]                  from [01m[K/opt/ros/humble/include/rclcpp/rclcpp/executors.hpp:21[m[K,
[17.037s]                  from [01m[K/opt/ros/humble/include/rclcpp/rclcpp/rclcpp.hpp:155[m[K,
[17.038s]                  from [01m[K/home/pi/CANOPS/src/my_main/src/CANMessaging.cpp:3[m[K:
[17.038s] [01m[K/opt/ros/humble/include/statistics_msgs/statistics_msgs/msg/detail/statistic_data_point__struct.hpp:27:11:[m[K [01;36m[Knote: [m[K  ‘[01m[Kstatistics_msgs::msg[m[K’
[17.039s]    27 | namespace [01;36m[Kmsg[m[K
[17.040s]       |           [01;36m[K^~~[m[K
[17.040s] In file included from [01m[K/opt/ros/humble/include/std_msgs/std_msgs/msg/bool.hpp:7[m[K,
[17.041s]                  from [01m[K/home/pi/CANOPS/src/my_main/src/CANMessaging.cpp:6[m[K:
[17.042s] [01m[K/opt/ros/humble/include/std_msgs/std_msgs/msg/detail/bool__struct.hpp:27:11:[m[K [01;36m[Knote: [m[K  ‘[01m[Kstd_msgs::msg[m[K’
[17.043s]    27 | namespace [01;36m[Kmsg[m[K
[17.043s]       |           [01;36m[K^~~[m[K
[17.046s] [01m[K/home/pi/CANOPS/src/my_main/src/CANMessaging.cpp:53:52:[m[K [01;35m[Kwarning: [m[Kunused parameter ‘[01m[Kdata[m[K’ [[01;35m[K]8;;https://gcc.gnu.org/onlinedocs/gcc/Warning-Options.html#index-Wunused-parameter-Wunused-parameter]8;;[m[K]
[17.047s]    53 |             void SendMessage(uint32_t id, [01;35m[Kuint8_t* data[m[K, uint8_t length ){
[17.048s]       |                                           [01;35m[K~~~~~~~~~^~~~[m[K
