[0.438s] DEBUG:colcon:Command line arguments: ['/usr/bin/colcon', 'build']
[0.439s] DEBUG:colcon:Parsed command line arguments: Namespace(log_base=None, log_level=None, verb_name='build', build_base='build', install_base='install', merge_install=False, symlink_install=False, test_result_base=None, continue_on_error=False, executor='parallel', parallel_workers=4, event_handlers=None, ignore_user_meta=False, metas=['./colcon.meta'], base_paths=['.'], packages_ignore=None, packages_ignore_regex=None, paths=None, packages_up_to=None, packages_up_to_regex=None, packages_above=None, packages_above_and_dependencies=None, packages_above_depth=None, packages_select_by_dep=None, packages_skip_by_dep=None, packages_skip_up_to=None, packages_select_build_failed=False, packages_skip_build_finished=False, packages_select_test_failures=False, packages_skip_test_passed=False, packages_select=None, packages_skip=None, packages_select_regex=None, packages_skip_regex=None, packages_start=None, packages_end=None, allow_overriding=[], cmake_args=None, cmake_target=None, cmake_target_skip_unavailable=False, cmake_clean_cache=False, cmake_clean_first=False, cmake_force_configure=False, ament_cmake_args=None, catkin_cmake_args=None, catkin_skip_building_tests=False, verb_parser=<colcon_defaults.argument_parser.defaults.DefaultArgumentsDecorator object at 0xffff84aa3a30>, verb_extension=<colcon_core.verb.build.BuildVerb object at 0xffff84aa35e0>, main=<bound method BuildVerb.main of <colcon_core.verb.build.BuildVerb object at 0xffff84aa35e0>>)
[1.181s] Level 1:colcon.colcon_core.package_discovery:discover_packages(colcon_meta) check parameters
[1.182s] Level 1:colcon.colcon_core.package_discovery:discover_packages(recursive) check parameters
[1.182s] Level 1:colcon.colcon_core.package_discovery:discover_packages(ignore) check parameters
[1.182s] Level 1:colcon.colcon_core.package_discovery:discover_packages(path) check parameters
[1.182s] Level 1:colcon.colcon_core.package_discovery:discover_packages(colcon_meta) discover
[1.182s] Level 1:colcon.colcon_core.package_discovery:discover_packages(recursive) discover
[1.183s] INFO:colcon.colcon_core.package_discovery:Crawling recursively for packages in '/home/pi/CANOPS'
[1.183s] Level 1:colcon.colcon_core.package_identification:_identify(.) by extensions ['ignore', 'ignore_ament_install']
[1.184s] Level 1:colcon.colcon_core.package_identification:_identify(.) by extension 'ignore'
[1.185s] Level 1:colcon.colcon_core.package_identification:_identify(.) by extension 'ignore_ament_install'
[1.185s] Level 1:colcon.colcon_core.package_identification:_identify(.) by extensions ['colcon_pkg']
[1.185s] Level 1:colcon.colcon_core.package_identification:_identify(.) by extension 'colcon_pkg'
[1.185s] Level 1:colcon.colcon_core.package_identification:_identify(.) by extensions ['colcon_meta']
[1.185s] Level 1:colcon.colcon_core.package_identification:_identify(.) by extension 'colcon_meta'
[1.186s] Level 1:colcon.colcon_core.package_identification:_identify(.) by extensions ['ros']
[1.186s] Level 1:colcon.colcon_core.package_identification:_identify(.) by extension 'ros'
[1.230s] Level 1:colcon.colcon_core.package_identification:_identify(.) by extensions ['cmake', 'python']
[1.230s] Level 1:colcon.colcon_core.package_identification:_identify(.) by extension 'cmake'
[1.230s] Level 1:colcon.colcon_core.package_identification:_identify(.) by extension 'python'
[1.231s] Level 1:colcon.colcon_core.package_identification:_identify(.) by extensions ['python_setup_py']
[1.231s] Level 1:colcon.colcon_core.package_identification:_identify(.) by extension 'python_setup_py'
[1.231s] Level 1:colcon.colcon_core.package_identification:_identify(build) by extensions ['ignore', 'ignore_ament_install']
[1.232s] Level 1:colcon.colcon_core.package_identification:_identify(build) by extension 'ignore'
[1.232s] Level 1:colcon.colcon_core.package_identification:_identify(build) ignored
[1.233s] Level 1:colcon.colcon_core.package_identification:_identify(install) by extensions ['ignore', 'ignore_ament_install']
[1.233s] Level 1:colcon.colcon_core.package_identification:_identify(install) by extension 'ignore'
[1.233s] Level 1:colcon.colcon_core.package_identification:_identify(install) ignored
[1.234s] Level 1:colcon.colcon_core.package_identification:_identify(log) by extensions ['ignore', 'ignore_ament_install']
[1.235s] Level 1:colcon.colcon_core.package_identification:_identify(log) by extension 'ignore'
[1.235s] Level 1:colcon.colcon_core.package_identification:_identify(log) ignored
[1.235s] Level 1:colcon.colcon_core.package_identification:_identify(src) by extensions ['ignore', 'ignore_ament_install']
[1.236s] Level 1:colcon.colcon_core.package_identification:_identify(src) by extension 'ignore'
[1.236s] Level 1:colcon.colcon_core.package_identification:_identify(src) by extension 'ignore_ament_install'
[1.236s] Level 1:colcon.colcon_core.package_identification:_identify(src) by extensions ['colcon_pkg']
[1.236s] Level 1:colcon.colcon_core.package_identification:_identify(src) by extension 'colcon_pkg'
[1.236s] Level 1:colcon.colcon_core.package_identification:_identify(src) by extensions ['colcon_meta']
[1.237s] Level 1:colcon.colcon_core.package_identification:_identify(src) by extension 'colcon_meta'
[1.237s] Level 1:colcon.colcon_core.package_identification:_identify(src) by extensions ['ros']
[1.237s] Level 1:colcon.colcon_core.package_identification:_identify(src) by extension 'ros'
[1.237s] Level 1:colcon.colcon_core.package_identification:_identify(src) by extensions ['cmake', 'python']
[1.237s] Level 1:colcon.colcon_core.package_identification:_identify(src) by extension 'cmake'
[1.238s] Level 1:colcon.colcon_core.package_identification:_identify(src) by extension 'python'
[1.238s] Level 1:colcon.colcon_core.package_identification:_identify(src) by extensions ['python_setup_py']
[1.238s] Level 1:colcon.colcon_core.package_identification:_identify(src) by extension 'python_setup_py'
[1.238s] Level 1:colcon.colcon_core.package_identification:_identify(src/my_main) by extensions ['ignore', 'ignore_ament_install']
[1.239s] Level 1:colcon.colcon_core.package_identification:_identify(src/my_main) by extension 'ignore'
[1.239s] Level 1:colcon.colcon_core.package_identification:_identify(src/my_main) by extension 'ignore_ament_install'
[1.239s] Level 1:colcon.colcon_core.package_identification:_identify(src/my_main) by extensions ['colcon_pkg']
[1.239s] Level 1:colcon.colcon_core.package_identification:_identify(src/my_main) by extension 'colcon_pkg'
[1.240s] Level 1:colcon.colcon_core.package_identification:_identify(src/my_main) by extensions ['colcon_meta']
[1.240s] Level 1:colcon.colcon_core.package_identification:_identify(src/my_main) by extension 'colcon_meta'
[1.240s] Level 1:colcon.colcon_core.package_identification:_identify(src/my_main) by extensions ['ros']
[1.240s] Level 1:colcon.colcon_core.package_identification:_identify(src/my_main) by extension 'ros'
[1.249s] DEBUG:colcon.colcon_core.package_identification:Package 'src/my_main' with type 'ros.ament_cmake' and name 'my_main'
[1.250s] Level 1:colcon.colcon_core.package_discovery:discover_packages(recursive) using defaults
[1.250s] Level 1:colcon.colcon_core.package_discovery:discover_packages(ignore) discover
[1.250s] Level 1:colcon.colcon_core.package_discovery:discover_packages(ignore) using defaults
[1.250s] Level 1:colcon.colcon_core.package_discovery:discover_packages(path) discover
[1.250s] Level 1:colcon.colcon_core.package_discovery:discover_packages(path) using defaults
[1.331s] Level 1:colcon.colcon_core.package_discovery:discover_packages(prefix_path) check parameters
[1.331s] Level 1:colcon.colcon_core.package_discovery:discover_packages(prefix_path) discover
[1.348s] DEBUG:colcon.colcon_installed_package_information.package_discovery:Found 1 installed packages in /home/pi/CANOPS/install
[1.356s] DEBUG:colcon.colcon_installed_package_information.package_discovery:Found 181 installed packages in /opt/ros/humble
[1.360s] Level 1:colcon.colcon_core.package_discovery:discover_packages(prefix_path) using defaults
[1.470s] Level 5:colcon.colcon_core.verb:set package 'my_main' build argument 'cmake_args' from command line to 'None'
[1.470s] Level 5:colcon.colcon_core.verb:set package 'my_main' build argument 'cmake_target' from command line to 'None'
[1.471s] Level 5:colcon.colcon_core.verb:set package 'my_main' build argument 'cmake_target_skip_unavailable' from command line to 'False'
[1.471s] Level 5:colcon.colcon_core.verb:set package 'my_main' build argument 'cmake_clean_cache' from command line to 'False'
[1.471s] Level 5:colcon.colcon_core.verb:set package 'my_main' build argument 'cmake_clean_first' from command line to 'False'
[1.471s] Level 5:colcon.colcon_core.verb:set package 'my_main' build argument 'cmake_force_configure' from command line to 'False'
[1.471s] Level 5:colcon.colcon_core.verb:set package 'my_main' build argument 'ament_cmake_args' from command line to 'None'
[1.471s] Level 5:colcon.colcon_core.verb:set package 'my_main' build argument 'catkin_cmake_args' from command line to 'None'
[1.471s] Level 5:colcon.colcon_core.verb:set package 'my_main' build argument 'catkin_skip_building_tests' from command line to 'False'
[1.471s] DEBUG:colcon.colcon_core.verb:Building package 'my_main' with the following arguments: {'ament_cmake_args': None, 'build_base': '/home/pi/CANOPS/build/my_main', 'catkin_cmake_args': None, 'catkin_skip_building_tests': False, 'cmake_args': None, 'cmake_clean_cache': False, 'cmake_clean_first': False, 'cmake_force_configure': False, 'cmake_target': None, 'cmake_target_skip_unavailable': False, 'install_base': '/home/pi/CANOPS/install/my_main', 'merge_install': False, 'path': '/home/pi/CANOPS/src/my_main', 'symlink_install': False, 'test_result_base': None}
[1.472s] INFO:colcon.colcon_core.executor:Executing jobs using 'parallel' executor
[1.476s] DEBUG:colcon.colcon_parallel_executor.executor.parallel:run_until_complete
[1.477s] INFO:colcon.colcon_ros.task.ament_cmake.build:Building ROS package in '/home/pi/CANOPS/src/my_main' with build type 'ament_cmake'
[1.477s] INFO:colcon.colcon_cmake.task.cmake.build:Building CMake package in '/home/pi/CANOPS/src/my_main'
[1.486s] INFO:colcon.colcon_core.plugin_system:Skipping extension 'colcon_core.shell.bat': Not used on non-Windows systems
[1.487s] INFO:colcon.colcon_core.shell:Skip shell extension 'powershell' for command environment: Not usable outside of PowerShell
[1.487s] DEBUG:colcon.colcon_core.shell:Skip shell extension 'dsv' for command environment
[1.564s] DEBUG:colcon.colcon_core.event_handler.log_command:Invoking command in '/home/pi/CANOPS/build/my_main': CMAKE_PREFIX_PATH=${CMAKE_PREFIX_PATH}:/opt/ros/humble /usr/bin/cmake --build /home/pi/CANOPS/build/my_main -- -j4 -l4
[46.196s] DEBUG:colcon.colcon_core.event_handler.log_command:Invoked command in '/home/pi/CANOPS/build/my_main' returned '0': CMAKE_PREFIX_PATH=${CMAKE_PREFIX_PATH}:/opt/ros/humble /usr/bin/cmake --build /home/pi/CANOPS/build/my_main -- -j4 -l4
[46.411s] DEBUG:colcon.colcon_core.event_handler.log_command:Invoking command in '/home/pi/CANOPS/build/my_main': CMAKE_PREFIX_PATH=${CMAKE_PREFIX_PATH}:/opt/ros/humble /usr/bin/cmake --install /home/pi/CANOPS/build/my_main
[46.457s] Level 1:colcon.colcon_core.environment:create_environment_scripts_only(my_main)
[46.458s] DEBUG:colcon.colcon_core.event_handler.log_command:Invoked command in '/home/pi/CANOPS/build/my_main' returned '0': CMAKE_PREFIX_PATH=${CMAKE_PREFIX_PATH}:/opt/ros/humble /usr/bin/cmake --install /home/pi/CANOPS/build/my_main
[46.468s] Level 1:colcon.colcon_core.environment:checking '/home/pi/CANOPS/install/my_main' for CMake module files
[46.471s] Level 1:colcon.colcon_core.environment:checking '/home/pi/CANOPS/install/my_main' for CMake config files
[46.474s] Level 1:colcon.colcon_core.shell:create_environment_hook('my_main', 'cmake_prefix_path')
[46.475s] INFO:colcon.colcon_core.shell:Creating environment hook '/home/pi/CANOPS/install/my_main/share/my_main/hook/cmake_prefix_path.ps1'
[46.477s] INFO:colcon.colcon_core.shell:Creating environment descriptor '/home/pi/CANOPS/install/my_main/share/my_main/hook/cmake_prefix_path.dsv'
[46.479s] INFO:colcon.colcon_core.shell:Creating environment hook '/home/pi/CANOPS/install/my_main/share/my_main/hook/cmake_prefix_path.sh'
[46.484s] Level 1:colcon.colcon_core.environment:checking '/home/pi/CANOPS/install/my_main/lib'
[46.485s] Level 1:colcon.colcon_core.environment:checking '/home/pi/CANOPS/install/my_main/bin'
[46.485s] Level 1:colcon.colcon_core.environment:checking '/home/pi/CANOPS/install/my_main/lib/pkgconfig/my_main.pc'
[46.486s] Level 1:colcon.colcon_core.environment:checking '/home/pi/CANOPS/install/my_main/lib/python3.10/site-packages'
[46.487s] Level 1:colcon.colcon_core.environment:checking '/home/pi/CANOPS/install/my_main/bin'
[46.489s] INFO:colcon.colcon_core.shell:Creating package script '/home/pi/CANOPS/install/my_main/share/my_main/package.ps1'
[46.492s] INFO:colcon.colcon_core.shell:Creating package descriptor '/home/pi/CANOPS/install/my_main/share/my_main/package.dsv'
[46.495s] INFO:colcon.colcon_core.shell:Creating package script '/home/pi/CANOPS/install/my_main/share/my_main/package.sh'
[46.498s] INFO:colcon.colcon_core.shell:Creating package script '/home/pi/CANOPS/install/my_main/share/my_main/package.bash'
[46.502s] INFO:colcon.colcon_core.shell:Creating package script '/home/pi/CANOPS/install/my_main/share/my_main/package.zsh'
[46.504s] Level 1:colcon.colcon_core.environment:create_file_with_runtime_dependencies(/home/pi/CANOPS/install/my_main/share/colcon-core/packages/my_main)
[46.669s] Level 1:colcon.colcon_core.environment:create_environment_scripts_only(my_main)
[46.676s] Level 1:colcon.colcon_core.environment:checking '/home/pi/CANOPS/install/my_main' for CMake module files
[46.680s] Level 1:colcon.colcon_core.environment:checking '/home/pi/CANOPS/install/my_main' for CMake config files
[46.684s] Level 1:colcon.colcon_core.shell:create_environment_hook('my_main', 'cmake_prefix_path')
[46.685s] INFO:colcon.colcon_core.shell:Creating environment hook '/home/pi/CANOPS/install/my_main/share/my_main/hook/cmake_prefix_path.ps1'
[46.688s] INFO:colcon.colcon_core.shell:Creating environment descriptor '/home/pi/CANOPS/install/my_main/share/my_main/hook/cmake_prefix_path.dsv'
[46.690s] INFO:colcon.colcon_core.shell:Creating environment hook '/home/pi/CANOPS/install/my_main/share/my_main/hook/cmake_prefix_path.sh'
[46.693s] Level 1:colcon.colcon_core.environment:checking '/home/pi/CANOPS/install/my_main/lib'
[46.693s] Level 1:colcon.colcon_core.environment:checking '/home/pi/CANOPS/install/my_main/bin'
[46.693s] Level 1:colcon.colcon_core.environment:checking '/home/pi/CANOPS/install/my_main/lib/pkgconfig/my_main.pc'
[46.694s] Level 1:colcon.colcon_core.environment:checking '/home/pi/CANOPS/install/my_main/lib/python3.10/site-packages'
[46.695s] Level 1:colcon.colcon_core.environment:checking '/home/pi/CANOPS/install/my_main/bin'
[46.697s] INFO:colcon.colcon_core.shell:Creating package script '/home/pi/CANOPS/install/my_main/share/my_main/package.ps1'
[46.699s] INFO:colcon.colcon_core.shell:Creating package descriptor '/home/pi/CANOPS/install/my_main/share/my_main/package.dsv'
[46.701s] INFO:colcon.colcon_core.shell:Creating package script '/home/pi/CANOPS/install/my_main/share/my_main/package.sh'
[46.703s] INFO:colcon.colcon_core.shell:Creating package script '/home/pi/CANOPS/install/my_main/share/my_main/package.bash'
[46.705s] INFO:colcon.colcon_core.shell:Creating package script '/home/pi/CANOPS/install/my_main/share/my_main/package.zsh'
[46.707s] Level 1:colcon.colcon_core.environment:create_file_with_runtime_dependencies(/home/pi/CANOPS/install/my_main/share/colcon-core/packages/my_main)
[46.709s] DEBUG:colcon.colcon_parallel_executor.executor.parallel:closing loop
[46.710s] DEBUG:colcon.colcon_parallel_executor.executor.parallel:loop closed
[46.710s] DEBUG:colcon.colcon_parallel_executor.executor.parallel:run_until_complete finished with '0'
[46.710s] DEBUG:colcon.colcon_core.event_reactor:joining thread
[46.972s] INFO:colcon.colcon_core.plugin_system:Skipping extension 'colcon_notification.desktop_notification.terminal_notifier': Not used on non-Darwin systems
[46.973s] INFO:colcon.colcon_core.plugin_system:Skipping extension 'colcon_notification.desktop_notification.win32': Not used on non-Windows systems
[46.973s] INFO:colcon.colcon_notification.desktop_notification:Sending desktop notification using 'notify2'
[46.978s] DEBUG:colcon.colcon_notification.desktop_notification.notify2:Failed to initialize notify2: org.freedesktop.DBus.Error.ServiceUnknown: The name org.freedesktop.Notifications was not provided by any .service files
[46.979s] DEBUG:colcon.colcon_core.event_reactor:joined thread
[46.980s] INFO:colcon.colcon_core.shell:Creating prefix script '/home/pi/CANOPS/install/local_setup.ps1'
[46.983s] INFO:colcon.colcon_core.shell:Creating prefix util module '/home/pi/CANOPS/install/_local_setup_util_ps1.py'
[46.989s] INFO:colcon.colcon_core.shell:Creating prefix chain script '/home/pi/CANOPS/install/setup.ps1'
[46.993s] INFO:colcon.colcon_core.shell:Creating prefix script '/home/pi/CANOPS/install/local_setup.sh'
[46.996s] INFO:colcon.colcon_core.shell:Creating prefix util module '/home/pi/CANOPS/install/_local_setup_util_sh.py'
[46.998s] INFO:colcon.colcon_core.shell:Creating prefix chain script '/home/pi/CANOPS/install/setup.sh'
[47.004s] INFO:colcon.colcon_core.shell:Creating prefix script '/home/pi/CANOPS/install/local_setup.bash'
[47.006s] INFO:colcon.colcon_core.shell:Creating prefix chain script '/home/pi/CANOPS/install/setup.bash'
[47.010s] INFO:colcon.colcon_core.shell:Creating prefix script '/home/pi/CANOPS/install/local_setup.zsh'
[47.013s] INFO:colcon.colcon_core.shell:Creating prefix chain script '/home/pi/CANOPS/install/setup.zsh'
