[0.102s] Invoking command in '/home/pi/CANOPS/build/my_main': CMAKE_PREFIX_PATH=/opt/ros/humble /usr/bin/cmake --build /home/pi/CANOPS/build/my_main -- -j4 -l4
[0.328s] -- Found ament_cmake: 1.3.9 (/opt/ros/humble/share/ament_cmake/cmake)
[1.005s] -- Found cv_bridge: 3.2.1 (/opt/ros/humble/share/cv_bridge/cmake)
[1.286s] -- Found rosidl_generator_c: 3.1.5 (/opt/ros/humble/share/rosidl_generator_c/cmake)
[1.305s] -- Found rosidl_adapter: 3.1.5 (/opt/ros/humble/share/rosidl_adapter/cmake)
[1.348s] -- Found rosidl_generator_cpp: 3.1.5 (/opt/ros/humble/share/rosidl_generator_cpp/cmake)
[1.424s] -- Using all available rosidl_typesupport_c: rosidl_typesupport_fastrtps_c;rosidl_typesupport_introspection_c
[1.513s] -- Using all available rosidl_typesupport_cpp: rosidl_typesupport_fastrtps_cpp;rosidl_typesupport_introspection_cpp
[2.441s] -- Found rclcpp: 16.0.9 (/opt/ros/humble/share/rclcpp/cmake)
[2.705s] -- Found rmw_implementation_cmake: 6.1.2 (/opt/ros/humble/share/rmw_implementation_cmake/cmake)
[2.717s] -- Found rmw_fastrtps_cpp: 6.2.6 (/opt/ros/humble/share/rmw_fastrtps_cpp/cmake)
[3.697s] -- Using RMW implementation 'rmw_fastrtps_cpp' as default
[4.325s] [31mCMake Error at /opt/ros/humble/share/ament_cmake_target_dependencies/cmake/ament_target_dependencies.cmake:77 (message):
[4.326s]   ament_target_dependencies() the passed package name 'PCAN_LIBRARY' was not
[4.326s]   found before
[4.326s] Call Stack (most recent call first):
[4.327s]   CMakeLists.txt:34 (ament_target_dependencies)
[4.327s] 
[4.327s] [0m
[4.331s] -- Configuring incomplete, errors occurred!
[4.331s] See also "/home/pi/CANOPS/build/my_main/CMakeFiles/CMakeOutput.log".
[4.364s] gmake: *** [Makefile:308: cmake_check_build_system] Error 1
[4.369s] Invoked command in '/home/pi/CANOPS/build/my_main' returned '2': CMAKE_PREFIX_PATH=/opt/ros/humble /usr/bin/cmake --build /home/pi/CANOPS/build/my_main -- -j4 -l4
