[0.082s] Invoking command in '/home/pi/CANOPS/build/my_main': CMAKE_PREFIX_PATH=${CMAKE_PREFIX_PATH}:/opt/ros/humble /usr/bin/cmake --build /home/pi/CANOPS/build/my_main -- -j4 -l4
[0.215s] -- Found ament_cmake: 1.3.9 (/opt/ros/humble/share/ament_cmake/cmake)
[0.910s] -- Found cv_bridge: 3.2.1 (/opt/ros/humble/share/cv_bridge/cmake)
[1.155s] -- Found rosidl_generator_c: 3.1.5 (/opt/ros/humble/share/rosidl_generator_c/cmake)
[1.174s] -- Found rosidl_adapter: 3.1.5 (/opt/ros/humble/share/rosidl_adapter/cmake)
[1.215s] -- Found rosidl_generator_cpp: 3.1.5 (/opt/ros/humble/share/rosidl_generator_cpp/cmake)
[1.283s] -- Using all available rosidl_typesupport_c: rosidl_typesupport_fastrtps_c;rosidl_typesupport_introspection_c
[1.377s] -- Using all available rosidl_typesupport_cpp: rosidl_typesupport_fastrtps_cpp;rosidl_typesupport_introspection_cpp
[2.286s] -- Found rclcpp: 16.0.9 (/opt/ros/humble/share/rclcpp/cmake)
[2.537s] -- Found rmw_implementation_cmake: 6.1.2 (/opt/ros/humble/share/rmw_implementation_cmake/cmake)
[2.549s] -- Found rmw_fastrtps_cpp: 6.2.6 (/opt/ros/humble/share/rmw_fastrtps_cpp/cmake)
[3.526s] -- Using RMW implementation 'rmw_fastrtps_cpp' as default
[4.149s] -- Found ament_lint_auto: 0.12.11 (/opt/ros/humble/share/ament_lint_auto/cmake)
[4.492s] -- Added test 'cppcheck' to perform static code analysis on C / C++ code
[4.493s] -- Configured cppcheck include dirs: 
[4.493s] -- Configured cppcheck exclude dirs and/or files: 
[4.499s] -- Added test 'flake8' to check Python code syntax and style conventions
[4.503s] -- Added test 'lint_cmake' to check CMake code style
[4.506s] -- Added test 'pep257' to check Python code against some of the docstring style conventions in PEP 257
[4.516s] -- Added test 'uncrustify' to check C / C++ code style
[4.517s] -- Configured uncrustify additional arguments: 
[4.522s] -- Added test 'xmllint' to check XML markup files
[4.529s] -- Configuring done
[4.635s] -- Generating done
[4.645s] -- Build files have been written to: /home/pi/CANOPS/build/my_main
[4.757s] [35m[1mConsolidate compiler generated dependencies of target camera[0m
[4.758s] [35m[1mConsolidate compiler generated dependencies of target object[0m
[4.853s] [100%] Built target camera
[4.854s] [100%] Built target object
[4.892s] Invoked command in '/home/pi/CANOPS/build/my_main' returned '0': CMAKE_PREFIX_PATH=${CMAKE_PREFIX_PATH}:/opt/ros/humble /usr/bin/cmake --build /home/pi/CANOPS/build/my_main -- -j4 -l4
[5.073s] Invoking command in '/home/pi/CANOPS/build/my_main': CMAKE_PREFIX_PATH=${CMAKE_PREFIX_PATH}:/opt/ros/humble /usr/bin/cmake --install /home/pi/CANOPS/build/my_main
[5.100s] -- Install configuration: ""
[5.101s] -- Up-to-date: /home/pi/CANOPS/install/my_main/lib/my_main/camera
[5.103s] -- Up-to-date: /home/pi/CANOPS/install/my_main/lib/my_main/object
[5.104s] -- Installing: /home/pi/CANOPS/install/my_main/share/my_main/launch
[5.105s] -- Installing: /home/pi/CANOPS/install/my_main/share/my_main/launch/camera.launch.py
[5.110s] -- Up-to-date: /home/pi/CANOPS/install/my_main/share/ament_index/resource_index/package_run_dependencies/my_main
[5.111s] -- Installing: /home/pi/CANOPS/install/my_main/share/ament_index/resource_index/parent_prefix_path/my_main
[5.112s] -- Up-to-date: /home/pi/CANOPS/install/my_main/share/my_main/environment/ament_prefix_path.sh
[5.112s] -- Installing: /home/pi/CANOPS/install/my_main/share/my_main/environment/ament_prefix_path.dsv
[5.114s] -- Up-to-date: /home/pi/CANOPS/install/my_main/share/my_main/environment/path.sh
[5.114s] -- Installing: /home/pi/CANOPS/install/my_main/share/my_main/environment/path.dsv
[5.115s] -- Up-to-date: /home/pi/CANOPS/install/my_main/share/my_main/local_setup.bash
[5.116s] -- Up-to-date: /home/pi/CANOPS/install/my_main/share/my_main/local_setup.sh
[5.116s] -- Up-to-date: /home/pi/CANOPS/install/my_main/share/my_main/local_setup.zsh
[5.117s] -- Installing: /home/pi/CANOPS/install/my_main/share/my_main/local_setup.dsv
[5.118s] -- Installing: /home/pi/CANOPS/install/my_main/share/my_main/package.dsv
[5.119s] -- Up-to-date: /home/pi/CANOPS/install/my_main/share/ament_index/resource_index/packages/my_main
[5.120s] -- Up-to-date: /home/pi/CANOPS/install/my_main/share/my_main/cmake/my_mainConfig.cmake
[5.120s] -- Up-to-date: /home/pi/CANOPS/install/my_main/share/my_main/cmake/my_mainConfig-version.cmake
[5.121s] -- Up-to-date: /home/pi/CANOPS/install/my_main/share/my_main/package.xml
[5.127s] Invoked command in '/home/pi/CANOPS/build/my_main' returned '0': CMAKE_PREFIX_PATH=${CMAKE_PREFIX_PATH}:/opt/ros/humble /usr/bin/cmake --install /home/pi/CANOPS/build/my_main
