[35m[1mConsolidate compiler generated dependencies of target CAN[0m
[35m[1mConsolidate compiler generated dependencies of target object[0m
[ 33%] Built target camera
[ 50%] [32mBuilding CXX object CMakeFiles/CAN.dir/src/CANMessaging.cpp.o[0m
[ 83%] Built target object
[100%] [32m[1mLinking CXX executable CAN[0m
[100%] Built target CAN
-- Install configuration: ""
-- Up-to-date: /home/pi/CANOPS/install/my_main/lib/my_main/camera
-- Installing: /home/pi/CANOPS/install/my_main/lib/my_main/object
-- Set runtime path of "/home/pi/CANOPS/install/my_main/lib/my_main/object" to ""
-- Up-to-date: /home/pi/CANOPS/install/my_main/share/my_main/launch
-- Installing: /home/pi/CANOPS/install/my_main/share/my_main/launch/camera.launch.py
-- Up-to-date: /home/pi/CANOPS/install/my_main/share/ament_index/resource_index/package_run_dependencies/my_main
-- Installing: /home/pi/CANOPS/install/my_main/share/ament_index/resource_index/parent_prefix_path/my_main
-- Up-to-date: /home/pi/CANOPS/install/my_main/share/my_main/environment/ament_prefix_path.sh
-- Installing: /home/pi/CANOPS/install/my_main/share/my_main/environment/ament_prefix_path.dsv
-- Up-to-date: /home/pi/CANOPS/install/my_main/share/my_main/environment/path.sh
-- Installing: /home/pi/CANOPS/install/my_main/share/my_main/environment/path.dsv
-- Up-to-date: /home/pi/CANOPS/install/my_main/share/my_main/local_setup.bash
-- Up-to-date: /home/pi/CANOPS/install/my_main/share/my_main/local_setup.sh
-- Up-to-date: /home/pi/CANOPS/install/my_main/share/my_main/local_setup.zsh
-- Installing: /home/pi/CANOPS/install/my_main/share/my_main/local_setup.dsv
-- Installing: /home/pi/CANOPS/install/my_main/share/my_main/package.dsv
-- Up-to-date: /home/pi/CANOPS/install/my_main/share/ament_index/resource_index/packages/my_main
-- Up-to-date: /home/pi/CANOPS/install/my_main/share/my_main/cmake/my_mainConfig.cmake
-- Up-to-date: /home/pi/CANOPS/install/my_main/share/my_main/cmake/my_mainConfig-version.cmake
-- Up-to-date: /home/pi/CANOPS/install/my_main/share/my_main/package.xml
