[0.076s] Invoking command in '/home/pi/CANOPS/build/my_main': CMAKE_PREFIX_PATH=${CMAKE_PREFIX_PATH}:/opt/ros/humble /usr/bin/cmake --build /home/pi/CANOPS/build/my_main -- -j4 -l4
[0.252s] [35m[1mConsolidate compiler generated dependencies of target object[0m
[0.313s] [ 50%] Built target camera
[0.347s] [100%] Built target object
[0.386s] Invoked command in '/home/pi/CANOPS/build/my_main' returned '0': CMAKE_PREFIX_PATH=${CMAKE_PREFIX_PATH}:/opt/ros/humble /usr/bin/cmake --build /home/pi/CANOPS/build/my_main -- -j4 -l4
[0.579s] Invoking command in '/home/pi/CANOPS/build/my_main': CMAKE_PREFIX_PATH=${CMAKE_PREFIX_PATH}:/opt/ros/humble /usr/bin/cmake --install /home/pi/CANOPS/build/my_main
[0.604s] -- Install configuration: ""
[0.605s] -- Up-to-date: /home/pi/CANOPS/install/my_main/lib/my_main/camera
[0.607s] -- Up-to-date: /home/pi/CANOPS/install/my_main/lib/my_main/object
[0.609s] -- Up-to-date: /home/pi/CANOPS/install/my_main/share/my_main/launch
[0.609s] -- Up-to-date: /home/pi/CANOPS/install/my_main/share/my_main/launch/camera.launch.py
[0.610s] -- Up-to-date: /home/pi/CANOPS/install/my_main/share/ament_index/resource_index/package_run_dependencies/my_main
[0.610s] -- Up-to-date: /home/pi/CANOPS/install/my_main/share/ament_index/resource_index/parent_prefix_path/my_main
[0.610s] -- Up-to-date: /home/pi/CANOPS/install/my_main/share/my_main/environment/ament_prefix_path.sh
[0.611s] -- Up-to-date: /home/pi/CANOPS/install/my_main/share/my_main/environment/ament_prefix_path.dsv
[0.611s] -- Up-to-date: /home/pi/CANOPS/install/my_main/share/my_main/environment/path.sh
[0.612s] -- Up-to-date: /home/pi/CANOPS/install/my_main/share/my_main/environment/path.dsv
[0.612s] -- Up-to-date: /home/pi/CANOPS/install/my_main/share/my_main/local_setup.bash
[0.613s] -- Up-to-date: /home/pi/CANOPS/install/my_main/share/my_main/local_setup.sh
[0.613s] -- Up-to-date: /home/pi/CANOPS/install/my_main/share/my_main/local_setup.zsh
[0.613s] -- Up-to-date: /home/pi/CANOPS/install/my_main/share/my_main/local_setup.dsv
[0.613s] -- Installing: /home/pi/CANOPS/install/my_main/share/my_main/package.dsv
[0.614s] -- Up-to-date: /home/pi/CANOPS/install/my_main/share/ament_index/resource_index/packages/my_main
[0.614s] -- Up-to-date: /home/pi/CANOPS/install/my_main/share/my_main/cmake/my_mainConfig.cmake
[0.615s] -- Up-to-date: /home/pi/CANOPS/install/my_main/share/my_main/cmake/my_mainConfig-version.cmake
[0.615s] -- Up-to-date: /home/pi/CANOPS/install/my_main/share/my_main/package.xml
[0.621s] Invoked command in '/home/pi/CANOPS/build/my_main' returned '0': CMAKE_PREFIX_PATH=${CMAKE_PREFIX_PATH}:/opt/ros/humble /usr/bin/cmake --install /home/pi/CANOPS/build/my_main
