[0.101s] Invoking command in '/home/pi/CANOPS/build/my_main': CMAKE_PREFIX_PATH=/opt/ros/humble /usr/bin/cmake /home/pi/CANOPS/src/my_main -DCMAKE_INSTALL_PREFIX=/home/pi/CANOPS/install/my_main
[0.166s] -- Found ament_cmake: 1.3.9 (/opt/ros/humble/share/ament_cmake/cmake)
[0.798s] -- Found cv_bridge: 3.2.1 (/opt/ros/humble/share/cv_bridge/cmake)
[1.248s] -- Found rosidl_generator_c: 3.1.5 (/opt/ros/humble/share/rosidl_generator_c/cmake)
[1.301s] -- Found rosidl_adapter: 3.1.5 (/opt/ros/humble/share/rosidl_adapter/cmake)
[1.378s] -- Found rosidl_generator_cpp: 3.1.5 (/opt/ros/humble/share/rosidl_generator_cpp/cmake)
[1.488s] -- Using all available rosidl_typesupport_c: rosidl_typesupport_fastrtps_c;rosidl_typesupport_introspection_c
[1.636s] -- Using all available rosidl_typesupport_cpp: rosidl_typesupport_fastrtps_cpp;rosidl_typesupport_introspection_cpp
[2.658s] -- Found rclcpp: 16.0.9 (/opt/ros/humble/share/rclcpp/cmake)
[3.080s] -- Found rmw_implementation_cmake: 6.1.2 (/opt/ros/humble/share/rmw_implementation_cmake/cmake)
[3.108s] -- Found rmw_fastrtps_cpp: 6.2.6 (/opt/ros/humble/share/rmw_fastrtps_cpp/cmake)
[3.791s] -- Found OpenSSL: /usr/lib/aarch64-linux-gnu/libcrypto.so (found version "3.0.2")  
[4.021s] -- Found FastRTPS: /opt/ros/humble/include  
[4.399s] -- Using RMW implementation 'rmw_fastrtps_cpp' as default
[4.496s] -- Looking for pthread.h
[4.885s] -- Looking for pthread.h - found
[4.889s] -- Performing Test CMAKE_HAVE_LIBC_PTHREAD
[5.245s] -- Performing Test CMAKE_HAVE_LIBC_PTHREAD - Success
[5.250s] -- Found Threads: TRUE  
[5.886s] -- Found OpenCV: /usr (found version "4.5.4") 
[5.921s] -- Found ament_lint_auto: 0.12.11 (/opt/ros/humble/share/ament_lint_auto/cmake)
[6.415s] -- Added test 'cppcheck' to perform static code analysis on C / C++ code
[6.415s] -- Configured cppcheck include dirs: 
[6.415s] -- Configured cppcheck exclude dirs and/or files: 
[6.421s] -- Added test 'flake8' to check Python code syntax and style conventions
[6.425s] -- Added test 'lint_cmake' to check CMake code style
[6.429s] -- Added test 'pep257' to check Python code against some of the docstring style conventions in PEP 257
[6.439s] -- Added test 'uncrustify' to check C / C++ code style
[6.439s] -- Configured uncrustify additional arguments: 
[6.445s] -- Added test 'xmllint' to check XML markup files
[6.455s] -- Configuring done
[6.554s] -- Generating done
[6.561s] -- Build files have been written to: /home/pi/CANOPS/build/my_main
[6.600s] Invoked command in '/home/pi/CANOPS/build/my_main' returned '0': CMAKE_PREFIX_PATH=/opt/ros/humble /usr/bin/cmake /home/pi/CANOPS/src/my_main -DCMAKE_INSTALL_PREFIX=/home/pi/CANOPS/install/my_main
[6.615s] Invoking command in '/home/pi/CANOPS/build/my_main': CMAKE_PREFIX_PATH=/opt/ros/humble /usr/bin/cmake --build /home/pi/CANOPS/build/my_main -- -j4 -l4
[6.831s] [ 50%] [32mBuilding CXX object CMakeFiles/object.dir/src/ObjectDetNode.cpp.o[0m
[6.831s] [ 50%] [32mBuilding CXX object CMakeFiles/camera.dir/src/cameraNode.cpp.o[0m
[27.448s] [01m[K/home/pi/CANOPS/src/my_main/src/ObjectDetNode.cpp:[m[K In member function ‘[01m[Kvoid HumanDetector::image_callback(sensor_msgs::msg::Image_<std::allocator<void> >::SharedPtr)[m[K’:
[27.449s] [01m[K/home/pi/CANOPS/src/my_main/src/ObjectDetNode.cpp:44:29:[m[K [01;35m[Kwarning: [m[Kunused variable ‘[01m[Kidx[m[K’ [[01;35m[K]8;;https://gcc.gnu.org/onlinedocs/gcc/Warning-Options.html#index-Wunused-variable-Wunused-variable]8;;[m[K]
[27.450s]    44 |                         int [01;35m[Kidx[m[K = static_cast<int>(detectionMat.at<float>(i,1));
[27.451s]       |                             [01;35m[K^~~[m[K
[27.452s] [01m[K/home/pi/CANOPS/src/my_main/src/ObjectDetNode.cpp:[m[K In function ‘[01m[Kint main(int, char**)[m[K’:
[27.453s] [01m[K/home/pi/CANOPS/src/my_main/src/ObjectDetNode.cpp:62:29:[m[K [01;31m[Kerror: [m[Kexpected ‘[01m[K;[m[K’ before ‘[01m[Krclcpp[m[K’
[27.454s]    62 |     rclcpp::init(argc, argv)
[27.454s]       |                             [01;31m[K^[m[K
[27.455s]       |                             [32m[K;[m[K
[27.456s]    63 | 
[27.456s]    64 |     [32m[Krclcpp[m[K::spin(std::make_shared<HumanDetector>());
[27.457s]       |     [32m[K~~~~~~[m[K                   
