-- Found ament_cmake: 1.3.9 (/opt/ros/humble/share/ament_cmake/cmake)
-- Found cv_bridge: 3.2.1 (/opt/ros/humble/share/cv_bridge/cmake)
-- Found rosidl_generator_c: 3.1.5 (/opt/ros/humble/share/rosidl_generator_c/cmake)
-- Found rosidl_adapter: 3.1.5 (/opt/ros/humble/share/rosidl_adapter/cmake)
-- Found rosidl_generator_cpp: 3.1.5 (/opt/ros/humble/share/rosidl_generator_cpp/cmake)
-- Using all available rosidl_typesupport_c: rosidl_typesupport_fastrtps_c;rosidl_typesupport_introspection_c
-- Using all available rosidl_typesupport_cpp: rosidl_typesupport_fastrtps_cpp;rosidl_typesupport_introspection_cpp
-- Found rclcpp: 16.0.9 (/opt/ros/humble/share/rclcpp/cmake)
-- Found rmw_implementation_cmake: 6.1.2 (/opt/ros/humble/share/rmw_implementation_cmake/cmake)
-- Found rmw_fastrtps_cpp: 6.2.6 (/opt/ros/humble/share/rmw_fastrtps_cpp/cmake)
-- Using RMW implementation 'rmw_fastrtps_cpp' as default
-- Found ament_lint_auto: 0.12.11 (/opt/ros/humble/share/ament_lint_auto/cmake)
-- Added test 'cppcheck' to perform static code analysis on C / C++ code
-- Configured cppcheck include dirs: 
-- Configured cppcheck exclude dirs and/or files: 
-- Added test 'flake8' to check Python code syntax and style conventions
-- Added test 'lint_cmake' to check CMake code style
-- Added test 'pep257' to check Python code against some of the docstring style conventions in PEP 257
-- Added test 'uncrustify' to check C / C++ code style
-- Configured uncrustify additional arguments: 
-- Added test 'xmllint' to check XML markup files
-- Configuring done
-- Generating done
-- Build files have been written to: /home/pi/CANOPS/build/my_main
[35m[1mConsolidate compiler generated dependencies of target CAN[0m
[35m[1mConsolidate compiler generated dependencies of target camera[0m
[35m[1mConsolidate compiler generated dependencies of target object[0m
[ 16%] [32mBuilding CXX object CMakeFiles/CAN.dir/src/CANMessaging.cpp.o[0m
[ 50%] Built target camera
[ 83%] Built target object
[100%] [32m[1mLinking CXX executable CAN[0m
[100%] Built target CAN
-- Install configuration: ""
-- Up-to-date: /home/pi/CANOPS/install/my_main/lib/my_main/camera
-- Up-to-date: /home/pi/CANOPS/install/my_main/lib/my_main/object
-- Up-to-date: /home/pi/CANOPS/install/my_main/share/my_main/launch
-- Installing: /home/pi/CANOPS/install/my_main/share/my_main/launch/camera.launch.py
-- Up-to-date: /home/pi/CANOPS/install/my_main/share/ament_index/resource_index/package_run_dependencies/my_main
-- Installing: /home/pi/CANOPS/install/my_main/share/ament_index/resource_index/parent_prefix_path/my_main
-- Up-to-date: /home/pi/CANOPS/install/my_main/share/my_main/environment/ament_prefix_path.sh
-- Installing: /home/pi/CANOPS/install/my_main/share/my_main/environment/ament_prefix_path.dsv
-- Up-to-date: /home/pi/CANOPS/install/my_main/share/my_main/environment/path.sh
-- Installing: /home/pi/CANOPS/install/my_main/share/my_main/environment/path.dsv
-- Up-to-date: /home/pi/CANOPS/install/my_main/share/my_main/local_setup.bash
-- Up-to-date: /home/pi/CANOPS/install/my_main/share/my_main/local_setup.sh
-- Up-to-date: /home/pi/CANOPS/install/my_main/share/my_main/local_setup.zsh
-- Installing: /home/pi/CANOPS/install/my_main/share/my_main/local_setup.dsv
-- Installing: /home/pi/CANOPS/install/my_main/share/my_main/package.dsv
-- Up-to-date: /home/pi/CANOPS/install/my_main/share/ament_index/resource_index/packages/my_main
-- Up-to-date: /home/pi/CANOPS/install/my_main/share/my_main/cmake/my_mainConfig.cmake
-- Up-to-date: /home/pi/CANOPS/install/my_main/share/my_main/cmake/my_mainConfig-version.cmake
-- Up-to-date: /home/pi/CANOPS/install/my_main/share/my_main/package.xml
