[0.085s] Invoking command in '/home/pi/CANOPS/build/my_main': CMAKE_PREFIX_PATH=${CMAKE_PREFIX_PATH}:/opt/ros/humble /usr/bin/cmake --build /home/pi/CANOPS/build/my_main -- -j4 -l4
[0.198s] -- Found ament_cmake: 1.3.9 (/opt/ros/humble/share/ament_cmake/cmake)
[0.885s] -- Found cv_bridge: 3.2.1 (/opt/ros/humble/share/cv_bridge/cmake)
[1.128s] -- Found rosidl_generator_c: 3.1.5 (/opt/ros/humble/share/rosidl_generator_c/cmake)
[1.145s] -- Found rosidl_adapter: 3.1.5 (/opt/ros/humble/share/rosidl_adapter/cmake)
[1.184s] -- Found rosidl_generator_cpp: 3.1.5 (/opt/ros/humble/share/rosidl_generator_cpp/cmake)
[1.253s] -- Using all available rosidl_typesupport_c: rosidl_typesupport_fastrtps_c;rosidl_typesupport_introspection_c
[1.348s] -- Using all available rosidl_typesupport_cpp: rosidl_typesupport_fastrtps_cpp;rosidl_typesupport_introspection_cpp
[2.258s] -- Found rclcpp: 16.0.9 (/opt/ros/humble/share/rclcpp/cmake)
[2.513s] -- Found rmw_implementation_cmake: 6.1.2 (/opt/ros/humble/share/rmw_implementation_cmake/cmake)
[2.524s] -- Found rmw_fastrtps_cpp: 6.2.6 (/opt/ros/humble/share/rmw_fastrtps_cpp/cmake)
[3.486s] -- Using RMW implementation 'rmw_fastrtps_cpp' as default
[4.115s] -- Found ament_lint_auto: 0.12.11 (/opt/ros/humble/share/ament_lint_auto/cmake)
[4.528s] -- Added test 'cppcheck' to perform static code analysis on C / C++ code
[4.529s] -- Configured cppcheck include dirs: 
[4.530s] -- Configured cppcheck exclude dirs and/or files: 
[4.541s] -- Added test 'flake8' to check Python code syntax and style conventions
[4.561s] -- Added test 'lint_cmake' to check CMake code style
[4.573s] -- Added test 'pep257' to check Python code against some of the docstring style conventions in PEP 257
[4.634s] -- Added test 'uncrustify' to check C / C++ code style
[4.634s] -- Configured uncrustify additional arguments: 
[4.645s] -- Added test 'xmllint' to check XML markup files
[4.659s] -- Configuring done
[4.805s] -- Generating done
[4.816s] -- Build files have been written to: /home/pi/CANOPS/build/my_main
[4.938s] [35m[1mConsolidate compiler generated dependencies of target CAN[0m
[4.952s] [35m[1mConsolidate compiler generated dependencies of target camera[0m
[4.953s] [35m[1mConsolidate compiler generated dependencies of target object[0m
[5.032s] [ 16%] [32mBuilding CXX object CMakeFiles/CAN.dir/src/CANMessaging.cpp.o[0m
[5.052s] [ 50%] Built target camera
[5.054s] [ 83%] Built target object
[44.756s] [100%] [32m[1mLinking CXX executable CAN[0m
[45.617s] [100%] Built target CAN
[45.657s] Invoked command in '/home/pi/CANOPS/build/my_main' returned '0': CMAKE_PREFIX_PATH=${CMAKE_PREFIX_PATH}:/opt/ros/humble /usr/bin/cmake --build /home/pi/CANOPS/build/my_main -- -j4 -l4
[45.863s] Invoking command in '/home/pi/CANOPS/build/my_main': CMAKE_PREFIX_PATH=${CMAKE_PREFIX_PATH}:/opt/ros/humble /usr/bin/cmake --install /home/pi/CANOPS/build/my_main
[45.890s] -- Install configuration: ""
[45.891s] -- Up-to-date: /home/pi/CANOPS/install/my_main/lib/my_main/camera
[45.893s] -- Up-to-date: /home/pi/CANOPS/install/my_main/lib/my_main/object
[45.894s] -- Up-to-date: /home/pi/CANOPS/install/my_main/share/my_main/launch
[45.895s] -- Installing: /home/pi/CANOPS/install/my_main/share/my_main/launch/camera.launch.py
[45.896s] -- Up-to-date: /home/pi/CANOPS/install/my_main/share/ament_index/resource_index/package_run_dependencies/my_main
[45.897s] -- Installing: /home/pi/CANOPS/install/my_main/share/ament_index/resource_index/parent_prefix_path/my_main
[45.898s] -- Up-to-date: /home/pi/CANOPS/install/my_main/share/my_main/environment/ament_prefix_path.sh
[45.898s] -- Installing: /home/pi/CANOPS/install/my_main/share/my_main/environment/ament_prefix_path.dsv
[45.900s] -- Up-to-date: /home/pi/CANOPS/install/my_main/share/my_main/environment/path.sh
[45.900s] -- Installing: /home/pi/CANOPS/install/my_main/share/my_main/environment/path.dsv
[45.901s] -- Up-to-date: /home/pi/CANOPS/install/my_main/share/my_main/local_setup.bash
[45.902s] -- Up-to-date: /home/pi/CANOPS/install/my_main/share/my_main/local_setup.sh
[45.902s] -- Up-to-date: /home/pi/CANOPS/install/my_main/share/my_main/local_setup.zsh
[45.902s] -- Installing: /home/pi/CANOPS/install/my_main/share/my_main/local_setup.dsv
[45.903s] -- Installing: /home/pi/CANOPS/install/my_main/share/my_main/package.dsv
[45.905s] -- Up-to-date: /home/pi/CANOPS/install/my_main/share/ament_index/resource_index/packages/my_main
[45.905s] -- Up-to-date: /home/pi/CANOPS/install/my_main/share/my_main/cmake/my_mainConfig.cmake
[45.906s] -- Up-to-date: /home/pi/CANOPS/install/my_main/share/my_main/cmake/my_mainConfig-version.cmake
[45.906s] -- Up-to-date: /home/pi/CANOPS/install/my_main/share/my_main/package.xml
[45.912s] Invoked command in '/home/pi/CANOPS/build/my_main' returned '0': CMAKE_PREFIX_PATH=${CMAKE_PREFIX_PATH}:/opt/ros/humble /usr/bin/cmake --install /home/pi/CANOPS/build/my_main
