[0.091s] Invoking command in '/home/pi/CANOPS/build/my_main': CMAKE_PREFIX_PATH=/opt/ros/humble /usr/bin/cmake --build /home/pi/CANOPS/build/my_main -- -j4 -l4
[0.304s] [35m[1mConsolidate compiler generated dependencies of target CAN[0m
[0.310s] [35m[1mConsolidate compiler generated dependencies of target object[0m
[0.372s] [ 33%] Built target camera
[0.391s] [ 50%] [32mBuilding CXX object CMakeFiles/CAN.dir/src/CANMessaging.cpp.o[0m
[0.408s] [ 66%] [32mBuilding CXX object CMakeFiles/object.dir/src/ObjectDetNode.cpp.o[0m
[12.042s] [01m[K/home/pi/CANOPS/src/my_main/src/CANMessaging.cpp:[m[K In member function ‘[01m[Kvoid CANMessage::detect_callback(const Bool&)[m[K’:
[12.044s] [01m[K/home/pi/CANOPS/src/my_main/src/CANMessaging.cpp:34:23:[m[K [01;31m[Kerror: [m[Kbase operand of ‘[01m[K->[m[K’ has non-pointer type ‘[01m[Kconst Bool[m[K’ {aka ‘[01m[Kconst std_msgs::msg::Bool_<std::allocator<void> >[m[K’}
[12.045s]    34 |                 if(msg[01;31m[K->[m[Kdata){
[12.046s]       |                       [01;31m[K^~[m[K
[12.047s] [01m[K/home/pi/CANOPS/src/my_main/src/CANMessaging.cpp:35:77:[m[K [01;31m[Kerror: [m[Kcannot convert ‘[01m[K<brace-enclosed initializer list>[m[K’ to ‘[01m[Kuint8_t[m[K’ {aka ‘[01m[Kunsigned char[m[K’} in assignment
[12.049s]    35 |                     sendData[LEN] = {0x22,0x13,0x40,0x00,0x52,0x00,0x00,0x00[01;31m[K}[m[K;
[12.050s]       |                                                                             [01;31m[K^[m[K
[12.050s] [01m[K/home/pi/CANOPS/src/my_main/src/CANMessaging.cpp:39:77:[m[K [01;31m[Kerror: [m[Kcannot convert ‘[01m[K<brace-enclosed initializer list>[m[K’ to ‘[01m[Kuint8_t[m[K’ {aka ‘[01m[Kunsigned char[m[K’} in assignment
[12.051s]    39 |                     sendData[LEN] = {0x22,0x13,0x40,0x00,0x29,0x00,0x00,0x00[01;31m[K}[m[K;
[12.052s]       |                                                                             [01;31m[K^[m[K
[12.052s] [01m[K/home/pi/CANOPS/src/my_main/src/CANMessaging.cpp:43:77:[m[K [01;31m[Kerror: [m[Kcannot convert ‘[01m[K<brace-enclosed initializer list>[m[K’ to ‘[01m[Kuint8_t[m[K’ {aka ‘[01m[Kunsigned char[m[K’} in assignment
[12.053s]    43 |                     sendData[LEN] = {0x22,0x13,0x40,0x00,0x00,0x00,0x00,0x00[01;31m[K}[m[K;
[12.053s]       |                                                                             [01;31m[K^[m[K
[12.054s] [01m[K/home/pi/CANOPS/src/my_main/src/CANMessaging.cpp:47:77:[m[K [01;31m[Kerror: [m[Kcannot convert ‘[01m[K<brace-enclosed initializer list>[m[K’ to ‘[01m[Kuint8_t[m[K’ {aka ‘[01m[Kunsigned char[m[K’} in assignment
[12.054s]    47 |                     sendData[LEN] = {0x42,0x13,0x40,0x00,0xA5,0x00,0x00,0x00[01;31m[K}[m[K;
[12.055s]       |                                                                             [01;31m[K^[m[K
[12.056s] [01m[K/home/pi/CANOPS/src/my_main/src/CANMessaging.cpp:[m[K In member function ‘[01m[Kvoid CANMessage::SendMessage(uint32_t, uint8_t*, uint8_t)[m[K’:
[12.056s] [01m[K/home/pi/CANOPS/src/my_main/src/CANMessaging.cpp:57:17:[m[K [01;31m[Kerror: [m[K‘[01m[Kmsg[m[K’ was not declared in this scope
[12.057s]    57 |                 [01;31m[Kmsg[m[K.LEN = length
[12.057s]       |                 [01;31m[K^~~[m[K
[12.057s] [01m[K/home/pi/CANOPS/src/my_main/src/CANMessaging.cpp:57:17:[m[K [01;36m[Knote: [m[Ksuggested alternatives:
[12.058s] In file included from [01m[K/opt/ros/humble/include/builtin_interfaces/builtin_interfaces/msg/duration.hpp:7[m[K,
[12.059s]                  from [01m[K/opt/ros/humble/include/rclcpp/rclcpp/duration.hpp:20[m[K,
[12.059s]                  from [01m[K/opt/ros/humble/include/rclcpp/rclcpp/qos.hpp:20[m[K,
[12.060s]                  from [01m[K/opt/ros/humble/include/rclcpp/rclcpp/node_interfaces/node_graph_interface.hpp:32[m[K,
[12.060s]                  from [01m[K/opt/ros/humble/include/rclcpp/rclcpp/client.hpp:42[m[K,
[12.061s]                  from [01m[K/opt/ros/humble/include/rclcpp/rclcpp/callback_group.hpp:24[m[K,
[12.062s]                  from [01m[K/opt/ros/humble/include/rclcpp/rclcpp/any_executable.hpp:20[m[K,
[12.062s]                  from [01m[K/opt/ros/humble/include/rclcpp/rclcpp/memory_strategy.hpp:25[m[K,
[12.063s]                  from [01m[K/opt/ros/humble/include/rclcpp/rclcpp/memory_strategies.hpp:18[m[K,
[12.064s]                  from [01m[K/opt/ros/humble/include/rclcpp/rclcpp/executor_options.hpp:20[m[K,
[12.064s]                  from [01m[K/opt/ros/humble/include/rclcpp/rclcpp/executor.hpp:37[m[K,
[12.065s]                  from [01m[K/opt/ros/humble/include/rclcpp/rclcpp/executors/multi_threaded_executor.hpp:25[m[K,
[12.065s]                  from [01m[K/opt/ros/humble/include/rclcpp/rclcpp/executors.hpp:21[m[K,
[12.066s]                  from [01m[K/opt/ros/humble/include/rclcpp/rclcpp/rclcpp.hpp:155[m[K,
[12.067s]                  from [01m[K/home/pi/CANOPS/src/my_main/src/CANMessaging.cpp:3[m[K:
[12.068s] [01m[K/opt/ros/humble/include/builtin_interfaces/builtin_interfaces/msg/detail/duration__struct.hpp:27:11:[m[K [01;36m[Knote: [m[K  ‘[01m[Kbuiltin_interfaces::msg[m[K’
[12.068s]    27 | namespace [01;36m[Kmsg[m[K
[12.069s]       |           [01;36m[K^~~[m[K
[12.070s] In file included from [01m[K/opt/ros/humble/include/rcl_interfaces/rcl_interfaces/msg/set_parameters_result.hpp:7[m[K,
[12.070s]                  from [01m[K/opt/ros/humble/include/rclcpp/rclcpp/qos_overriding_options.hpp:28[m[K,
[12.071s]                  from [01m[K/opt/ros/humble/include/rclcpp/rclcpp/subscription_options.hpp:30[m[K,
[12.071s]                  from [01m[K/opt/ros/humble/include/rclcpp/rclcpp/subscription.hpp:45[m[K,
[12.072s]                  from [01m[K/opt/ros/humble/include/rclcpp/rclcpp/any_executable.hpp:25[m[K,
[12.072s]                  from [01m[K/opt/ros/humble/include/rclcpp/rclcpp/memory_strategy.hpp:25[m[K,
[12.073s]                  from [01m[K/opt/ros/humble/include/rclcpp/rclcpp/memory_strategies.hpp:18[m[K,
[12.074s]                  from [01m[K/opt/ros/humble/include/rclcpp/rclcpp/executor_options.hpp:20[m[K,
[12.074s]                  from [01m[K/opt/ros/humble/include/rclcpp/rclcpp/executor.hpp:37[m[K,
[12.075s]                  from [01m[K/opt/ros/humble/include/rclcpp/rclcpp/executors/multi_threaded_executor.hpp:25[m[K,
[12.075s]                  from [01m[K/opt/ros/humble/include/rclcpp/rclcpp/executors.hpp:21[m[K,
[12.076s]                  from [01m[K/opt/ros/humble/include/rclcpp/rclcpp/rclcpp.hpp:155[m[K,
[12.076s]                  from [01m[K/home/pi/CANOPS/src/my_main/src/CANMessaging.cpp:3[m[K:
[12.077s] [01m[K/opt/ros/humble/include/rcl_interfaces/rcl_interfaces/msg/detail/set_parameters_result__struct.hpp:27:11:[m[K [01;36m[Knote: [m[K  ‘[01m[Krcl_interfaces::msg[m[K’
[12.078s]    27 | namespace [01;36m[Kmsg[m[K
[12.078s]       |           [01;36m[K^~~[m[K
[12.079s] In file included from [01m[K/opt/ros/humble/include/statistics_msgs/statistics_msgs/msg/detail/metrics_message__struct.hpp:23[m[K,
[12.079s]                  from [01m[K/opt/ros/humble/include/statistics_msgs/statistics_msgs/msg/metrics_message.hpp:7[m[K,
[12.080s]                  from [01m[K/opt/ros/humble/include/libstatistics_collector/libstatistics_collector/collector/generate_statistics_message.hpp:21[m[K,
[12.080s]                  from [01m[K/opt/ros/humble/include/rclcpp/rclcpp/topic_statistics/subscription_topic_statistics.hpp:23[m[K,
[12.081s]                  from [01m[K/opt/ros/humble/include/rclcpp/rclcpp/subscription.hpp:50[m[K,
[12.082s]                  from [01m[K/opt/ros/humble/include/rclcpp/rclcpp/any_executable.hpp:25[m[K,
[12.082s]                  from [01m[K/opt/ros/humble/include/rclcpp/rclcpp/memory_strategy.hpp:25[m[K,
[12.083s]                  from [01m[K/opt/ros/humble/include/rclcpp/rclcpp/memory_strategies.hpp:18[m[K,
[12.083s]                  from [01m[K/opt/ros/humble/include/rclcpp/rclcpp/executor_options.hpp:20[m[K,
[12.084s]                  from [01m[K/opt/ros/humble/include/rclcpp/rclcpp/executor.hpp:37[m[K,
[12.085s]                  from [01m[K/opt/ros/humble/include/rclcpp/rclcpp/executors/multi_threaded_executor.hpp:25[m[K,
[12.085s]                  from [01m[K/opt/ros/humble/include/rclcpp/rclcpp/executors.hpp:21[m[K,
[12.086s]                  from [01m[K/opt/ros/humble/include/rclcpp/rclcpp/rclcpp.hpp:155[m[K,
[12.086s]                  from [01m[K/home/pi/CANOPS/src/my_main/src/CANMessaging.cpp:3[m[K:
[12.087s] [01m[K/opt/ros/humble/include/statistics_msgs/statistics_msgs/msg/detail/statistic_data_point__struct.hpp:27:11:[m[K [01;36m[Knote: [m[K  ‘[01m[Kstatistics_msgs::msg[m[K’
[12.088s]    27 | namespace [01;36m[Kmsg[m[K
[12.088s]       |           [01;36m[K^~~[m[K
[12.089s] In file included from [01m[K/opt/ros/humble/include/std_msgs/std_msgs/msg/bool.hpp:7[m[K,
[12.089s]                  from [01m[K/home/pi/CANOPS/src/my_main/src/CANMessaging.cpp:6[m[K:
[12.090s] [01m[K/opt/ros/humble/include/std_msgs/std_msgs/msg/detail/bool__struct.hpp:27:11:[m[K [01;36m[Knote: [m[K  ‘[01m[Kstd_msgs::msg[m[K’
[12.091s]    27 | namespace [01;36m[Kmsg[m[K
[12.091s]       |           [01;36m[K^~~[m[K
[12.092s] [01m[K/home/pi/CANOPS/src/my_main/src/CANMessaging.cpp:53:52:[m[K [01;35m[Kwarning: [m[Kunused parameter ‘[01m[Kdata[m[K’ [[01;35m[K-Wunused-parameter[m[K]
[12.092s]    53 |             void SendMessage(uint32_t id, [01;35m[Kuint8_t* data[m[K, uint8_t length ){
[12.093s]       |                                           [01;35m[K~~~~~~~~~^~~~[m[K
[17.303s] In file included from [01m[K/home/pi/CANOPS/src/my_main/src/ObjectDetNode.cpp:1[m[K:
[17.303s] /usr/include/c++/11/functional: In instantiation of ‘[01m[Kstruct std::_Bind_check_arity<void (HumanDetector::*)(std::shared_ptr<sensor_msgs::msg::Image_<std::allocator<void> > >), HumanDetector*>[m[K’:
[17.304s] [01m[K/usr/include/c++/11/functional:768:12:[m[K   required from ‘[01m[Kstruct std::_Bind_helper<false, void (HumanDetector::*)(std::shared_ptr<sensor_msgs::msg::Image_<std::allocator<void> > >), HumanDetector*>[m[K’
[17.305s] [01m[K/usr/include/c++/11/functional:789:5:[m[K   required by substitution of ‘[01m[Ktemplate<class _Func, class ... _BoundArgs> typename std::_Bind_helper<std::__is_socketlike<_Func>::value, _Func, _BoundArgs ...>::type std::bind(_Func&&, _BoundArgs&& ...) [with _Func = void (HumanDetector::*)(std::shared_ptr<sensor_msgs::msg::Image_<std::allocator<void> > >); _BoundArgs = {HumanDetector*}][m[K’
[17.306s] [01m[K/home/pi/CANOPS/src/my_main/src/ObjectDetNode.cpp:25:87:[m[K   required from here
[17.306s] [01m[K/usr/include/c++/11/functional:756:21:[m[K [01;31m[Kerror: [m[Kstatic assertion failed: Wrong number of arguments for pointer-to-member
[17.307s]   755 |       static_assert(_Varargs::[01;31m[Kvalue[m[K
[17.307s]       |                               [01;31m[K~~~~~[m[K
[17.308s]   756 | [01;31m[K                    ? sizeof...(_BoundArgs) >= _Arity::value + 1[m[K
[17.309s]       |                     [01;31m[K^~~~~~~~~~~~~~~~~~~~~~~~~~~~~~~~~~~~~~~~~~~~[m[K
[17.309s]   757 | [01;31m[K                    : sizeof...(_BoundArgs) == _Arity::value + 1[m[K,
[17.310s]       |                     [01;31m[K~~~~~~~~~~~~~~~~~~~~~~~~~~~~~~~~~~~~~~~~~~~~[m[K
[17.311s] [01m[K/usr/include/c++/11/functional:756:21:[m[K [01;36m[Knote: [m[K‘[01m[K(false ? (1 >= (((long unsigned int)std::integral_constant<long unsigned int, 1>::value) + 1)) : (1 == (((long unsigned int)std::integral_constant<long unsigned int, 1>::value) + 1)))[m[K’ evaluates to false
[17.323s] [01m[K/home/pi/CANOPS/src/my_main/src/ObjectDetNode.cpp:[m[K In constructor ‘[01m[KHumanDetector::HumanDetector()[m[K’:
[17.323s] [01m[K/home/pi/CANOPS/src/my_main/src/ObjectDetNode.cpp:25:45:[m[K [01;31m[Kerror: [m[Kno matching function for call to ‘[01m[KHumanDetector::create_wall_timer(std::chrono::milliseconds, std::_Bind_helper<false, void (HumanDetector::*)(std::shared_ptr<sensor_msgs::msg::Image_<std::allocator<void> > >), HumanDetector*>::type)[m[K’
[17.324s]    25 |             timer_ = [01;31m[Kthis->create_wall_timer(std::chrono::milliseconds(100), std::bind(&HumanDetector::image_callback, this ))[m[K;
[17.325s]       |                      [01;31m[K~~~~~~~~~~~~~~~~~~~~~~~^~~~~~~~~~~~~~~~~~~~~~~~~~~~~~~~~~~~~~~~~~~~~~~~~~~~~~~~~~~~~~~~~~~~~~~~~~~~~~~~~~[m[K
[17.325s] In file included from [01m[K/opt/ros/humble/include/rclcpp/rclcpp/executors/single_threaded_executor.hpp:28[m[K,
[17.326s]                  from [01m[K/opt/ros/humble/include/rclcpp/rclcpp/executors.hpp:22[m[K,
[17.327s]                  from [01m[K/opt/ros/humble/include/rclcpp/rclcpp/rclcpp.hpp:155[m[K,
[17.327s]                  from [01m[K/home/pi/CANOPS/src/my_main/src/ObjectDetNode.cpp:3[m[K:
[17.328s] [01m[K/opt/ros/humble/include/rclcpp/rclcpp/node.hpp:238:3:[m[K [01;36m[Knote: [m[Kcandidate: ‘[01m[Ktemplate<class DurationRepT, class DurationT, class CallbackT> typename rclcpp::WallTimer<CallbackT>::SharedPtr rclcpp::Node::create_wall_timer(std::chrono::duration<_Rep1, _Period1>, CallbackT, rclcpp::CallbackGroup::SharedPtr)[m[K’
[17.329s]   238 |   [01;36m[Kcreate_wall_timer[m[K(
[17.329s]       |   [01;36m[K^~~~~~~~~~~~~~~~~[m[K
[17.330s] [01m[K/opt/ros/humble/include/rclcpp/rclcpp/node.hpp:238:3:[m[K [01;36m[Knote: [m[K  template argument deduction/substitution failed:
[17.330s] In file included from [01m[K/opt/ros/humble/include/rclcpp/rclcpp/node.hpp:1321[m[K,
[17.331s]                  from [01m[K/opt/ros/humble/include/rclcpp/rclcpp/executors/single_threaded_executor.hpp:28[m[K,
[17.332s]                  from [01m[K/opt/ros/humble/include/rclcpp/rclcpp/executors.hpp:22[m[K,
[17.332s]                  from [01m[K/opt/ros/humble/include/rclcpp/rclcpp/rclcpp.hpp:155[m[K,
[17.333s]                  from [01m[K/home/pi/CANOPS/src/my_main/src/ObjectDetNode.cpp:3[m[K:
[17.334s] /opt/ros/humble/include/rclcpp/rclcpp/node_impl.hpp: In substitution of ‘[01m[Ktemplate<class DurationRepT, class DurationT, class CallbackT> typename rclcpp::WallTimer<CallbackT>::SharedPtr rclcpp::Node::create_wall_timer(std::chrono::duration<_Rep1, _Period1>, CallbackT, rclcpp::CallbackGroup::SharedPtr) [with DurationRepT = long int; DurationT = std::ratio<1, 1000>; CallbackT = std::_Bind<void (HumanDetector::*(HumanDetector*))(std::shared_ptr<sensor_msgs::msg::Image_<std::allocator<void> > >)>][m[K’:
[17.334s] [01m[K/home/pi/CANOPS/src/my_main/src/ObjectDetNode.cpp:25:45:[m[K   required from here
[17.335s] [01m[K/opt/ros/humble/include/rclcpp/rclcpp/node_impl.hpp:110:1:[m[K [01;31m[Kerror: [m[Kno type named ‘[01m[Ktype[m[K’ in ‘[01m[Kstruct std::enable_if<false, void>[m[K’
[17.335s]   110 | [01;31m[KNode[m[K::create_wall_timer(
[17.336s]       | [01;31m[K^~~~[m[K
[17.336s] [01m[K/opt/ros/humble/include/rclcpp/rclcpp/node_impl.hpp:110:1:[m[K [01;31m[Kerror: [m[Kno type named ‘[01m[Ktype[m[K’ in ‘[01m[Kstruct std::enable_if<false, void>[m[K’
[17.337s] [01m[K/opt/ros/humble/include/rclcpp/rclcpp/node_impl.hpp:110:1:[m[K [01;36m[Knote: [m[Kinvalid template non-type parameter
[22.223s] gmake[2]: *** [CMakeFiles/CAN.dir/build.make:76: CMakeFiles/CAN.dir/src/CANMessaging.cpp.o] Error 1
[22.224s] gmake[1]: *** [CMakeFiles/Makefile2:193: CMakeFiles/CAN.dir/all] Error 2
[22.224s] gmake[1]: *** Waiting for unfinished jobs....
[29.074s] gmake[2]: *** [CMakeFiles/object.dir/build.make:76: CMakeFiles/object.dir/src/ObjectDetNode.cpp.o] Error 1
[29.075s] gmake[1]: *** [CMakeFiles/Makefile2:167: CMakeFiles/object.dir/all] Error 2
[29.076s] gmake: *** [Makefile:146: all] Error 2
[29.082s] Invoked command in '/home/pi/CANOPS/build/my_main' returned '2': CMAKE_PREFIX_PATH=/opt/ros/humble /usr/bin/cmake --build /home/pi/CANOPS/build/my_main -- -j4 -l4
