[0.134s] Invoking command in '/home/pi/CANOPS/build/my_main': CMAKE_PREFIX_PATH=${CMAKE_PREFIX_PATH}:/opt/ros/humble /usr/bin/cmake --build /home/pi/CANOPS/build/my_main -- -j4 -l4
[0.245s] -- Found ament_cmake: 1.3.9 (/opt/ros/humble/share/ament_cmake/cmake)
[0.818s] -- Found cv_bridge: 3.2.1 (/opt/ros/humble/share/cv_bridge/cmake)
[1.039s] -- Found rosidl_generator_c: 3.1.5 (/opt/ros/humble/share/rosidl_generator_c/cmake)
[1.050s] -- Found rosidl_adapter: 3.1.5 (/opt/ros/humble/share/rosidl_adapter/cmake)
[1.079s] -- Found rosidl_generator_cpp: 3.1.5 (/opt/ros/humble/share/rosidl_generator_cpp/cmake)
[1.123s] -- Using all available rosidl_typesupport_c: rosidl_typesupport_fastrtps_c;rosidl_typesupport_introspection_c
[1.184s] -- Using all available rosidl_typesupport_cpp: rosidl_typesupport_fastrtps_cpp;rosidl_typesupport_introspection_cpp
[1.981s] -- Found rclcpp: 16.0.9 (/opt/ros/humble/share/rclcpp/cmake)
[2.164s] -- Found rmw_implementation_cmake: 6.1.2 (/opt/ros/humble/share/rmw_implementation_cmake/cmake)
[2.170s] -- Found rmw_fastrtps_cpp: 6.2.6 (/opt/ros/humble/share/rmw_fastrtps_cpp/cmake)
[3.032s] -- Using RMW implementation 'rmw_fastrtps_cpp' as default
[3.560s] [31mCMake Error at CMakeLists.txt:29 (install):
[3.561s]   install TARGETS given target "can" which does not exist.
[3.561s] 
[3.562s] [0m
[3.565s] -- Found ament_lint_auto: 0.12.11 (/opt/ros/humble/share/ament_lint_auto/cmake)
[3.925s] -- Added test 'cppcheck' to perform static code analysis on C / C++ code
[3.927s] -- Configured cppcheck include dirs: 
[3.927s] -- Configured cppcheck exclude dirs and/or files: 
[3.934s] -- Added test 'flake8' to check Python code syntax and style conventions
[3.949s] -- Added test 'lint_cmake' to check CMake code style
[3.957s] -- Added test 'pep257' to check Python code against some of the docstring style conventions in PEP 257
[4.012s] -- Added test 'uncrustify' to check C / C++ code style
[4.012s] -- Configured uncrustify additional arguments: 
[4.020s] -- Added test 'xmllint' to check XML markup files
[4.024s] -- Configuring incomplete, errors occurred!
[4.025s] See also "/home/pi/CANOPS/build/my_main/CMakeFiles/CMakeOutput.log".
[4.056s] gmake: *** [Makefile:349: cmake_check_build_system] Error 1
[4.062s] Invoked command in '/home/pi/CANOPS/build/my_main' returned '2': CMAKE_PREFIX_PATH=${CMAKE_PREFIX_PATH}:/opt/ros/humble /usr/bin/cmake --build /home/pi/CANOPS/build/my_main -- -j4 -l4
