[0.459s] DEBUG:colcon:Command line arguments: ['/usr/bin/colcon', 'build']
[0.459s] DEBUG:colcon:Parsed command line arguments: Namespace(log_base=None, log_level=None, verb_name='build', build_base='build', install_base='install', merge_install=False, symlink_install=False, test_result_base=None, continue_on_error=False, executor='parallel', parallel_workers=4, event_handlers=None, ignore_user_meta=False, metas=['./colcon.meta'], base_paths=['.'], packages_ignore=None, packages_ignore_regex=None, paths=None, packages_up_to=None, packages_up_to_regex=None, packages_above=None, packages_above_and_dependencies=None, packages_above_depth=None, packages_select_by_dep=None, packages_skip_by_dep=None, packages_skip_up_to=None, packages_select_build_failed=False, packages_skip_build_finished=False, packages_select_test_failures=False, packages_skip_test_passed=False, packages_select=None, packages_skip=None, packages_select_regex=None, packages_skip_regex=None, packages_start=None, packages_end=None, allow_overriding=[], cmake_args=None, cmake_target=None, cmake_target_skip_unavailable=False, cmake_clean_cache=False, cmake_clean_first=False, cmake_force_configure=False, ament_cmake_args=None, catkin_cmake_args=None, catkin_skip_building_tests=False, verb_parser=<colcon_defaults.argument_parser.defaults.DefaultArgumentsDecorator object at 0xffffbce73a30>, verb_extension=<colcon_core.verb.build.BuildVerb object at 0xffffbce735e0>, main=<bound method BuildVerb.main of <colcon_core.verb.build.BuildVerb object at 0xffffbce735e0>>)
[1.209s] Level 1:colcon.colcon_core.package_discovery:discover_packages(colcon_meta) check parameters
[1.210s] Level 1:colcon.colcon_core.package_discovery:discover_packages(recursive) check parameters
[1.210s] Level 1:colcon.colcon_core.package_discovery:discover_packages(ignore) check parameters
[1.210s] Level 1:colcon.colcon_core.package_discovery:discover_packages(path) check parameters
[1.210s] Level 1:colcon.colcon_core.package_discovery:discover_packages(colcon_meta) discover
[1.211s] Level 1:colcon.colcon_core.package_discovery:discover_packages(recursive) discover
[1.211s] INFO:colcon.colcon_core.package_discovery:Crawling recursively for packages in '/home/pi/CANOPS'
[1.211s] Level 1:colcon.colcon_core.package_identification:_identify(.) by extensions ['ignore', 'ignore_ament_install']
[1.212s] Level 1:colcon.colcon_core.package_identification:_identify(.) by extension 'ignore'
[1.213s] Level 1:colcon.colcon_core.package_identification:_identify(.) by extension 'ignore_ament_install'
[1.213s] Level 1:colcon.colcon_core.package_identification:_identify(.) by extensions ['colcon_pkg']
[1.213s] Level 1:colcon.colcon_core.package_identification:_identify(.) by extension 'colcon_pkg'
[1.213s] Level 1:colcon.colcon_core.package_identification:_identify(.) by extensions ['colcon_meta']
[1.213s] Level 1:colcon.colcon_core.package_identification:_identify(.) by extension 'colcon_meta'
[1.214s] Level 1:colcon.colcon_core.package_identification:_identify(.) by extensions ['ros']
[1.214s] Level 1:colcon.colcon_core.package_identification:_identify(.) by extension 'ros'
[1.258s] Level 1:colcon.colcon_core.package_identification:_identify(.) by extensions ['cmake', 'python']
[1.258s] Level 1:colcon.colcon_core.package_identification:_identify(.) by extension 'cmake'
[1.258s] Level 1:colcon.colcon_core.package_identification:_identify(.) by extension 'python'
[1.258s] Level 1:colcon.colcon_core.package_identification:_identify(.) by extensions ['python_setup_py']
[1.258s] Level 1:colcon.colcon_core.package_identification:_identify(.) by extension 'python_setup_py'
[1.259s] Level 1:colcon.colcon_core.package_identification:_identify(build) by extensions ['ignore', 'ignore_ament_install']
[1.259s] Level 1:colcon.colcon_core.package_identification:_identify(build) by extension 'ignore'
[1.260s] Level 1:colcon.colcon_core.package_identification:_identify(build) ignored
[1.260s] Level 1:colcon.colcon_core.package_identification:_identify(install) by extensions ['ignore', 'ignore_ament_install']
[1.261s] Level 1:colcon.colcon_core.package_identification:_identify(install) by extension 'ignore'
[1.261s] Level 1:colcon.colcon_core.package_identification:_identify(install) ignored
[1.262s] Level 1:colcon.colcon_core.package_identification:_identify(log) by extensions ['ignore', 'ignore_ament_install']
[1.262s] Level 1:colcon.colcon_core.package_identification:_identify(log) by extension 'ignore'
[1.262s] Level 1:colcon.colcon_core.package_identification:_identify(log) ignored
[1.263s] Level 1:colcon.colcon_core.package_identification:_identify(src) by extensions ['ignore', 'ignore_ament_install']
[1.263s] Level 1:colcon.colcon_core.package_identification:_identify(src) by extension 'ignore'
[1.263s] Level 1:colcon.colcon_core.package_identification:_identify(src) by extension 'ignore_ament_install'
[1.264s] Level 1:colcon.colcon_core.package_identification:_identify(src) by extensions ['colcon_pkg']
[1.264s] Level 1:colcon.colcon_core.package_identification:_identify(src) by extension 'colcon_pkg'
[1.264s] Level 1:colcon.colcon_core.package_identification:_identify(src) by extensions ['colcon_meta']
[1.264s] Level 1:colcon.colcon_core.package_identification:_identify(src) by extension 'colcon_meta'
[1.264s] Level 1:colcon.colcon_core.package_identification:_identify(src) by extensions ['ros']
[1.265s] Level 1:colcon.colcon_core.package_identification:_identify(src) by extension 'ros'
[1.265s] Level 1:colcon.colcon_core.package_identification:_identify(src) by extensions ['cmake', 'python']
[1.265s] Level 1:colcon.colcon_core.package_identification:_identify(src) by extension 'cmake'
[1.265s] Level 1:colcon.colcon_core.package_identification:_identify(src) by extension 'python'
[1.265s] Level 1:colcon.colcon_core.package_identification:_identify(src) by extensions ['python_setup_py']
[1.266s] Level 1:colcon.colcon_core.package_identification:_identify(src) by extension 'python_setup_py'
[1.266s] Level 1:colcon.colcon_core.package_identification:_identify(src/my_main) by extensions ['ignore', 'ignore_ament_install']
[1.266s] Level 1:colcon.colcon_core.package_identification:_identify(src/my_main) by extension 'ignore'
[1.267s] Level 1:colcon.colcon_core.package_identification:_identify(src/my_main) by extension 'ignore_ament_install'
[1.267s] Level 1:colcon.colcon_core.package_identification:_identify(src/my_main) by extensions ['colcon_pkg']
[1.267s] Level 1:colcon.colcon_core.package_identification:_identify(src/my_main) by extension 'colcon_pkg'
[1.267s] Level 1:colcon.colcon_core.package_identification:_identify(src/my_main) by extensions ['colcon_meta']
[1.267s] Level 1:colcon.colcon_core.package_identification:_identify(src/my_main) by extension 'colcon_meta'
[1.268s] Level 1:colcon.colcon_core.package_identification:_identify(src/my_main) by extensions ['ros']
[1.268s] Level 1:colcon.colcon_core.package_identification:_identify(src/my_main) by extension 'ros'
[1.277s] DEBUG:colcon.colcon_core.package_identification:Package 'src/my_main' with type 'ros.ament_cmake' and name 'my_main'
[1.277s] Level 1:colcon.colcon_core.package_discovery:discover_packages(recursive) using defaults
[1.277s] Level 1:colcon.colcon_core.package_discovery:discover_packages(ignore) discover
[1.278s] Level 1:colcon.colcon_core.package_discovery:discover_packages(ignore) using defaults
[1.278s] Level 1:colcon.colcon_core.package_discovery:discover_packages(path) discover
[1.278s] Level 1:colcon.colcon_core.package_discovery:discover_packages(path) using defaults
[1.364s] Level 1:colcon.colcon_core.package_discovery:discover_packages(prefix_path) check parameters
[1.364s] Level 1:colcon.colcon_core.package_discovery:discover_packages(prefix_path) discover
[1.373s] DEBUG:colcon.colcon_installed_package_information.package_discovery:Found 1 installed packages in /home/pi/CANOPS/install
[1.379s] DEBUG:colcon.colcon_installed_package_information.package_discovery:Found 181 installed packages in /opt/ros/humble
[1.383s] Level 1:colcon.colcon_core.package_discovery:discover_packages(prefix_path) using defaults
[1.497s] Level 5:colcon.colcon_core.verb:set package 'my_main' build argument 'cmake_args' from command line to 'None'
[1.498s] Level 5:colcon.colcon_core.verb:set package 'my_main' build argument 'cmake_target' from command line to 'None'
[1.498s] Level 5:colcon.colcon_core.verb:set package 'my_main' build argument 'cmake_target_skip_unavailable' from command line to 'False'
[1.498s] Level 5:colcon.colcon_core.verb:set package 'my_main' build argument 'cmake_clean_cache' from command line to 'False'
[1.498s] Level 5:colcon.colcon_core.verb:set package 'my_main' build argument 'cmake_clean_first' from command line to 'False'
[1.498s] Level 5:colcon.colcon_core.verb:set package 'my_main' build argument 'cmake_force_configure' from command line to 'False'
[1.498s] Level 5:colcon.colcon_core.verb:set package 'my_main' build argument 'ament_cmake_args' from command line to 'None'
[1.498s] Level 5:colcon.colcon_core.verb:set package 'my_main' build argument 'catkin_cmake_args' from command line to 'None'
[1.498s] Level 5:colcon.colcon_core.verb:set package 'my_main' build argument 'catkin_skip_building_tests' from command line to 'False'
[1.499s] DEBUG:colcon.colcon_core.verb:Building package 'my_main' with the following arguments: {'ament_cmake_args': None, 'build_base': '/home/pi/CANOPS/build/my_main', 'catkin_cmake_args': None, 'catkin_skip_building_tests': False, 'cmake_args': None, 'cmake_clean_cache': False, 'cmake_clean_first': False, 'cmake_force_configure': False, 'cmake_target': None, 'cmake_target_skip_unavailable': False, 'install_base': '/home/pi/CANOPS/install/my_main', 'merge_install': False, 'path': '/home/pi/CANOPS/src/my_main', 'symlink_install': False, 'test_result_base': None}
[1.499s] INFO:colcon.colcon_core.executor:Executing jobs using 'parallel' executor
[1.503s] DEBUG:colcon.colcon_parallel_executor.executor.parallel:run_until_complete
[1.504s] INFO:colcon.colcon_ros.task.ament_cmake.build:Building ROS package in '/home/pi/CANOPS/src/my_main' with build type 'ament_cmake'
[1.505s] INFO:colcon.colcon_cmake.task.cmake.build:Building CMake package in '/home/pi/CANOPS/src/my_main'
[1.514s] INFO:colcon.colcon_core.plugin_system:Skipping extension 'colcon_core.shell.bat': Not used on non-Windows systems
[1.515s] INFO:colcon.colcon_core.shell:Skip shell extension 'powershell' for command environment: Not usable outside of PowerShell
[1.515s] DEBUG:colcon.colcon_core.shell:Skip shell extension 'dsv' for command environment
[1.590s] DEBUG:colcon.colcon_core.event_handler.log_command:Invoking command in '/home/pi/CANOPS/build/my_main': CMAKE_PREFIX_PATH=${CMAKE_PREFIX_PATH}:/opt/ros/humble /usr/bin/cmake --build /home/pi/CANOPS/build/my_main -- -j4 -l4
[47.163s] DEBUG:colcon.colcon_core.event_handler.log_command:Invoked command in '/home/pi/CANOPS/build/my_main' returned '0': CMAKE_PREFIX_PATH=${CMAKE_PREFIX_PATH}:/opt/ros/humble /usr/bin/cmake --build /home/pi/CANOPS/build/my_main -- -j4 -l4
[47.368s] DEBUG:colcon.colcon_core.event_handler.log_command:Invoking command in '/home/pi/CANOPS/build/my_main': CMAKE_PREFIX_PATH=${CMAKE_PREFIX_PATH}:/opt/ros/humble /usr/bin/cmake --install /home/pi/CANOPS/build/my_main
[47.415s] Level 1:colcon.colcon_core.environment:create_environment_scripts_only(my_main)
[47.417s] DEBUG:colcon.colcon_core.event_handler.log_command:Invoked command in '/home/pi/CANOPS/build/my_main' returned '0': CMAKE_PREFIX_PATH=${CMAKE_PREFIX_PATH}:/opt/ros/humble /usr/bin/cmake --install /home/pi/CANOPS/build/my_main
[47.427s] Level 1:colcon.colcon_core.environment:checking '/home/pi/CANOPS/install/my_main' for CMake module files
[47.430s] Level 1:colcon.colcon_core.environment:checking '/home/pi/CANOPS/install/my_main' for CMake config files
[47.433s] Level 1:colcon.colcon_core.shell:create_environment_hook('my_main', 'cmake_prefix_path')
[47.434s] INFO:colcon.colcon_core.shell:Creating environment hook '/home/pi/CANOPS/install/my_main/share/my_main/hook/cmake_prefix_path.ps1'
[47.436s] INFO:colcon.colcon_core.shell:Creating environment descriptor '/home/pi/CANOPS/install/my_main/share/my_main/hook/cmake_prefix_path.dsv'
[47.438s] INFO:colcon.colcon_core.shell:Creating environment hook '/home/pi/CANOPS/install/my_main/share/my_main/hook/cmake_prefix_path.sh'
[47.442s] Level 1:colcon.colcon_core.environment:checking '/home/pi/CANOPS/install/my_main/lib'
[47.443s] Level 1:colcon.colcon_core.environment:checking '/home/pi/CANOPS/install/my_main/bin'
[47.443s] Level 1:colcon.colcon_core.environment:checking '/home/pi/CANOPS/install/my_main/lib/pkgconfig/my_main.pc'
[47.444s] Level 1:colcon.colcon_core.environment:checking '/home/pi/CANOPS/install/my_main/lib/python3.10/site-packages'
[47.445s] Level 1:colcon.colcon_core.environment:checking '/home/pi/CANOPS/install/my_main/bin'
[47.446s] INFO:colcon.colcon_core.shell:Creating package script '/home/pi/CANOPS/install/my_main/share/my_main/package.ps1'
[47.450s] INFO:colcon.colcon_core.shell:Creating package descriptor '/home/pi/CANOPS/install/my_main/share/my_main/package.dsv'
[47.452s] INFO:colcon.colcon_core.shell:Creating package script '/home/pi/CANOPS/install/my_main/share/my_main/package.sh'
[47.455s] INFO:colcon.colcon_core.shell:Creating package script '/home/pi/CANOPS/install/my_main/share/my_main/package.bash'
[47.459s] INFO:colcon.colcon_core.shell:Creating package script '/home/pi/CANOPS/install/my_main/share/my_main/package.zsh'
[47.462s] Level 1:colcon.colcon_core.environment:create_file_with_runtime_dependencies(/home/pi/CANOPS/install/my_main/share/colcon-core/packages/my_main)
[47.625s] Level 1:colcon.colcon_core.environment:create_environment_scripts_only(my_main)
[47.626s] Level 1:colcon.colcon_core.environment:checking '/home/pi/CANOPS/install/my_main' for CMake module files
[47.630s] Level 1:colcon.colcon_core.environment:checking '/home/pi/CANOPS/install/my_main' for CMake config files
[47.632s] Level 1:colcon.colcon_core.shell:create_environment_hook('my_main', 'cmake_prefix_path')
[47.633s] INFO:colcon.colcon_core.shell:Creating environment hook '/home/pi/CANOPS/install/my_main/share/my_main/hook/cmake_prefix_path.ps1'
[47.636s] INFO:colcon.colcon_core.shell:Creating environment descriptor '/home/pi/CANOPS/install/my_main/share/my_main/hook/cmake_prefix_path.dsv'
[47.638s] INFO:colcon.colcon_core.shell:Creating environment hook '/home/pi/CANOPS/install/my_main/share/my_main/hook/cmake_prefix_path.sh'
[47.640s] Level 1:colcon.colcon_core.environment:checking '/home/pi/CANOPS/install/my_main/lib'
[47.641s] Level 1:colcon.colcon_core.environment:checking '/home/pi/CANOPS/install/my_main/bin'
[47.641s] Level 1:colcon.colcon_core.environment:checking '/home/pi/CANOPS/install/my_main/lib/pkgconfig/my_main.pc'
[47.642s] Level 1:colcon.colcon_core.environment:checking '/home/pi/CANOPS/install/my_main/lib/python3.10/site-packages'
[47.643s] Level 1:colcon.colcon_core.environment:checking '/home/pi/CANOPS/install/my_main/bin'
[47.644s] INFO:colcon.colcon_core.shell:Creating package script '/home/pi/CANOPS/install/my_main/share/my_main/package.ps1'
[47.647s] INFO:colcon.colcon_core.shell:Creating package descriptor '/home/pi/CANOPS/install/my_main/share/my_main/package.dsv'
[47.649s] INFO:colcon.colcon_core.shell:Creating package script '/home/pi/CANOPS/install/my_main/share/my_main/package.sh'
[47.651s] INFO:colcon.colcon_core.shell:Creating package script '/home/pi/CANOPS/install/my_main/share/my_main/package.bash'
[47.654s] INFO:colcon.colcon_core.shell:Creating package script '/home/pi/CANOPS/install/my_main/share/my_main/package.zsh'
[47.655s] Level 1:colcon.colcon_core.environment:create_file_with_runtime_dependencies(/home/pi/CANOPS/install/my_main/share/colcon-core/packages/my_main)
[47.657s] DEBUG:colcon.colcon_parallel_executor.executor.parallel:closing loop
[47.658s] DEBUG:colcon.colcon_parallel_executor.executor.parallel:loop closed
[47.658s] DEBUG:colcon.colcon_parallel_executor.executor.parallel:run_until_complete finished with '0'
[47.659s] DEBUG:colcon.colcon_core.event_reactor:joining thread
[47.682s] INFO:colcon.colcon_core.plugin_system:Skipping extension 'colcon_notification.desktop_notification.terminal_notifier': Not used on non-Darwin systems
[47.682s] INFO:colcon.colcon_core.plugin_system:Skipping extension 'colcon_notification.desktop_notification.win32': Not used on non-Windows systems
[47.683s] INFO:colcon.colcon_notification.desktop_notification:Sending desktop notification using 'notify2'
[47.687s] DEBUG:colcon.colcon_notification.desktop_notification.notify2:Failed to initialize notify2: org.freedesktop.DBus.Error.ServiceUnknown: The name org.freedesktop.Notifications was not provided by any .service files
[47.687s] DEBUG:colcon.colcon_core.event_reactor:joined thread
[47.688s] INFO:colcon.colcon_core.shell:Creating prefix script '/home/pi/CANOPS/install/local_setup.ps1'
[47.692s] INFO:colcon.colcon_core.shell:Creating prefix util module '/home/pi/CANOPS/install/_local_setup_util_ps1.py'
[47.700s] INFO:colcon.colcon_core.shell:Creating prefix chain script '/home/pi/CANOPS/install/setup.ps1'
[47.706s] INFO:colcon.colcon_core.shell:Creating prefix script '/home/pi/CANOPS/install/local_setup.sh'
[47.709s] INFO:colcon.colcon_core.shell:Creating prefix util module '/home/pi/CANOPS/install/_local_setup_util_sh.py'
[47.711s] INFO:colcon.colcon_core.shell:Creating prefix chain script '/home/pi/CANOPS/install/setup.sh'
[47.716s] INFO:colcon.colcon_core.shell:Creating prefix script '/home/pi/CANOPS/install/local_setup.bash'
[47.718s] INFO:colcon.colcon_core.shell:Creating prefix chain script '/home/pi/CANOPS/install/setup.bash'
[47.723s] INFO:colcon.colcon_core.shell:Creating prefix script '/home/pi/CANOPS/install/local_setup.zsh'
[47.725s] INFO:colcon.colcon_core.shell:Creating prefix chain script '/home/pi/CANOPS/install/setup.zsh'
