[0.092s] Invoking command in '/home/pi/CANOPS/build/my_main': CMAKE_PREFIX_PATH=${CMAKE_PREFIX_PATH}:/opt/ros/humble /usr/bin/cmake --build /home/pi/CANOPS/build/my_main -- -j4 -l4
[0.186s] -- Found ament_cmake: 1.3.9 (/opt/ros/humble/share/ament_cmake/cmake)
[0.746s] -- Found cv_bridge: 3.2.1 (/opt/ros/humble/share/cv_bridge/cmake)
[0.925s] -- Found rosidl_generator_c: 3.1.5 (/opt/ros/humble/share/rosidl_generator_c/cmake)
[0.937s] -- Found rosidl_adapter: 3.1.5 (/opt/ros/humble/share/rosidl_adapter/cmake)
[0.961s] -- Found rosidl_generator_cpp: 3.1.5 (/opt/ros/humble/share/rosidl_generator_cpp/cmake)
[1.004s] -- Using all available rosidl_typesupport_c: rosidl_typesupport_fastrtps_c;rosidl_typesupport_introspection_c
[1.069s] -- Using all available rosidl_typesupport_cpp: rosidl_typesupport_fastrtps_cpp;rosidl_typesupport_introspection_cpp
[1.896s] -- Found rclcpp: 16.0.9 (/opt/ros/humble/share/rclcpp/cmake)
[2.066s] -- Found rmw_implementation_cmake: 6.1.2 (/opt/ros/humble/share/rmw_implementation_cmake/cmake)
[2.072s] -- Found rmw_fastrtps_cpp: 6.2.6 (/opt/ros/humble/share/rmw_fastrtps_cpp/cmake)
[2.932s] -- Using RMW implementation 'rmw_fastrtps_cpp' as default
[3.466s] -- Found ament_lint_auto: 0.12.11 (/opt/ros/humble/share/ament_lint_auto/cmake)
[3.824s] -- Added test 'cppcheck' to perform static code analysis on C / C++ code
[3.826s] -- Configured cppcheck include dirs: 
[3.826s] -- Configured cppcheck exclude dirs and/or files: 
[3.833s] -- Added test 'flake8' to check Python code syntax and style conventions
[3.848s] -- Added test 'lint_cmake' to check CMake code style
[3.856s] -- Added test 'pep257' to check Python code against some of the docstring style conventions in PEP 257
[3.910s] -- Added test 'uncrustify' to check C / C++ code style
[3.910s] -- Configured uncrustify additional arguments: 
[3.918s] -- Added test 'xmllint' to check XML markup files
[3.922s] -- Configuring done
[4.043s] -- Generating done
[4.054s] -- Build files have been written to: /home/pi/CANOPS/build/my_main
[4.167s] [35m[1mConsolidate compiler generated dependencies of target object[0m
[4.168s] [35m[1mConsolidate compiler generated dependencies of target can[0m
[4.187s] [35m[1mConsolidate compiler generated dependencies of target camera[0m
[4.304s] [ 33%] Built target object
[4.323s] [ 50%] [32m[1mLinking CXX executable can[0m
[4.327s] [ 83%] Built target camera
[5.093s] [100%] Built target can
[5.135s] Invoked command in '/home/pi/CANOPS/build/my_main' returned '0': CMAKE_PREFIX_PATH=${CMAKE_PREFIX_PATH}:/opt/ros/humble /usr/bin/cmake --build /home/pi/CANOPS/build/my_main -- -j4 -l4
[5.308s] Invoking command in '/home/pi/CANOPS/build/my_main': CMAKE_PREFIX_PATH=${CMAKE_PREFIX_PATH}:/opt/ros/humble /usr/bin/cmake --install /home/pi/CANOPS/build/my_main
[5.333s] -- Install configuration: ""
[5.334s] -- Up-to-date: /home/pi/CANOPS/install/my_main/lib/my_main/camera
[5.338s] -- Up-to-date: /home/pi/CANOPS/install/my_main/lib/my_main/object
[5.339s] -- Installing: /home/pi/CANOPS/install/my_main/lib/my_main/can
[5.348s] -- Set runtime path of "/home/pi/CANOPS/install/my_main/lib/my_main/can" to ""
[5.349s] -- Up-to-date: /home/pi/CANOPS/install/my_main/share/my_main/launch
[5.350s] -- Up-to-date: /home/pi/CANOPS/install/my_main/share/my_main/launch/camera.launch.py
[5.350s] -- Up-to-date: /home/pi/CANOPS/install/my_main/share/ament_index/resource_index/package_run_dependencies/my_main
[5.351s] -- Up-to-date: /home/pi/CANOPS/install/my_main/share/ament_index/resource_index/parent_prefix_path/my_main
[5.351s] -- Up-to-date: /home/pi/CANOPS/install/my_main/share/my_main/environment/ament_prefix_path.sh
[5.352s] -- Installing: /home/pi/CANOPS/install/my_main/share/my_main/environment/ament_prefix_path.dsv
[5.352s] -- Up-to-date: /home/pi/CANOPS/install/my_main/share/my_main/environment/path.sh
[5.353s] -- Installing: /home/pi/CANOPS/install/my_main/share/my_main/environment/path.dsv
[5.354s] -- Up-to-date: /home/pi/CANOPS/install/my_main/share/my_main/local_setup.bash
[5.355s] -- Up-to-date: /home/pi/CANOPS/install/my_main/share/my_main/local_setup.sh
[5.355s] -- Up-to-date: /home/pi/CANOPS/install/my_main/share/my_main/local_setup.zsh
[5.356s] -- Installing: /home/pi/CANOPS/install/my_main/share/my_main/local_setup.dsv
[5.356s] -- Installing: /home/pi/CANOPS/install/my_main/share/my_main/package.dsv
[5.357s] -- Up-to-date: /home/pi/CANOPS/install/my_main/share/ament_index/resource_index/packages/my_main
[5.358s] -- Up-to-date: /home/pi/CANOPS/install/my_main/share/my_main/cmake/my_mainConfig.cmake
[5.359s] -- Up-to-date: /home/pi/CANOPS/install/my_main/share/my_main/cmake/my_mainConfig-version.cmake
[5.359s] -- Installing: /home/pi/CANOPS/install/my_main/share/my_main/package.xml
[5.376s] Invoked command in '/home/pi/CANOPS/build/my_main' returned '0': CMAKE_PREFIX_PATH=${CMAKE_PREFIX_PATH}:/opt/ros/humble /usr/bin/cmake --install /home/pi/CANOPS/build/my_main
