[0.080s] Invoking command in '/home/pi/CANOPS/build/my_main': CMAKE_PREFIX_PATH=/opt/ros/humble /usr/bin/cmake --build /home/pi/CANOPS/build/my_main -- -j4 -l4
[0.250s] [35m[1mConsolidate compiler generated dependencies of target CAN[0m
[0.251s] [35m[1mConsolidate compiler generated dependencies of target object[0m
[0.312s] [ 33%] Built target camera
[0.336s] [ 50%] [32mBuilding CXX object CMakeFiles/CAN.dir/src/CANMessaging.cpp.o[0m
[0.346s] [ 66%] [32mBuilding CXX object CMakeFiles/object.dir/src/ObjectDetNode.cpp.o[0m
[12.080s] [01m[K/home/pi/CANOPS/src/my_main/src/CANMessaging.cpp:[m[K In member function ‘[01m[Kvoid CANMessage::detect_callback(const Bool&)[m[K’:
[12.081s] [01m[K/home/pi/CANOPS/src/my_main/src/CANMessaging.cpp:34:23:[m[K [01;31m[Kerror: [m[Kbase operand of ‘[01m[K->[m[K’ has non-pointer type ‘[01m[Kconst Bool[m[K’ {aka ‘[01m[Kconst std_msgs::msg::Bool_<std::allocator<void> >[m[K’}
[12.082s]    34 |                 if(msg[01;31m[K->[m[Kdata){
[12.083s]       |                       [01;31m[K^~[m[K
[12.084s] [01m[K/home/pi/CANOPS/src/my_main/src/CANMessaging.cpp:35:30:[m[K [01;31m[Kerror: [m[Kassigning to an array from an initializer list
[12.085s]    35 |                     [01;31m[KsendData = {0x22,0x13,0x40,0x00,0x52,0x00,0x00,0x00}[m[K;
[12.085s]       |                     [01;31m[K~~~~~~~~~^~~~~~~~~~~~~~~~~~~~~~~~~~~~~~~~~~~~~~~~~~~[m[K
[12.086s] [01m[K/home/pi/CANOPS/src/my_main/src/CANMessaging.cpp:39:30:[m[K [01;31m[Kerror: [m[Kassigning to an array from an initializer list
[12.087s]    39 |                     [01;31m[KsendData = {0x22,0x13,0x40,0x00,0x29,0x00,0x00,0x00}[m[K;
[12.087s]       |                     [01;31m[K~~~~~~~~~^~~~~~~~~~~~~~~~~~~~~~~~~~~~~~~~~~~~~~~~~~~[m[K
[12.088s] [01m[K/home/pi/CANOPS/src/my_main/src/CANMessaging.cpp:43:30:[m[K [01;31m[Kerror: [m[Kassigning to an array from an initializer list
[12.088s]    43 |                     [01;31m[KsendData = {0x22,0x13,0x40,0x00,0x00,0x00,0x00,0x00}[m[K;
[12.089s]       |                     [01;31m[K~~~~~~~~~^~~~~~~~~~~~~~~~~~~~~~~~~~~~~~~~~~~~~~~~~~~[m[K
[12.089s] [01m[K/home/pi/CANOPS/src/my_main/src/CANMessaging.cpp:47:30:[m[K [01;31m[Kerror: [m[Kassigning to an array from an initializer list
[12.090s]    47 |                     [01;31m[KsendData = {0x42,0x13,0x40,0x00,0xA5,0x00,0x00,0x00}[m[K;
[12.091s]       |                     [01;31m[K~~~~~~~~~^~~~~~~~~~~~~~~~~~~~~~~~~~~~~~~~~~~~~~~~~~~[m[K
[12.091s] [01m[K/home/pi/CANOPS/src/my_main/src/CANMessaging.cpp:[m[K In member function ‘[01m[Kvoid CANMessage::SendMessage(uint32_t, uint8_t*, uint8_t)[m[K’:
[12.092s] [01m[K/home/pi/CANOPS/src/my_main/src/CANMessaging.cpp:59:17:[m[K [01;31m[Kerror: [m[Kexpected ‘[01m[K;[m[K’ before ‘[01m[Kmemcpy[m[K’
[12.092s]    59 |                 [01;31m[Kmemcpy[m[K(message.DATA, data, length);
[12.093s]       |                 [01;31m[K^~~~~~[m[K
[12.093s] [01m[K/home/pi/CANOPS/src/my_main/src/CANMessaging.cpp:53:52:[m[K [01;35m[Kwarning: [m[Kunused parameter ‘[01m[Kdata[m[K’ [[01;35m[K-Wunused-parameter[m[K]
[12.094s]    53 |             void SendMessage(uint32_t id, [01;35m[Kuint8_t* data[m[K, uint8_t length ){
[12.095s]       |                                           [01;35m[K~~~~~~~~~^~~~[m[K
[22.603s] gmake[2]: *** [CMakeFiles/CAN.dir/build.make:76: CMakeFiles/CAN.dir/src/CANMessaging.cpp.o] Error 1
[22.609s] gmake[1]: *** [CMakeFiles/Makefile2:193: CMakeFiles/CAN.dir/all] Error 2
[22.609s] gmake[1]: *** Waiting for unfinished jobs....
[54.424s] [ 83%] [32m[1mLinking CXX executable object[0m
[57.564s] [ 83%] Built target object
[57.569s] gmake: *** [Makefile:146: all] Error 2
[57.597s] Invoked command in '/home/pi/CANOPS/build/my_main' returned '2': CMAKE_PREFIX_PATH=/opt/ros/humble /usr/bin/cmake --build /home/pi/CANOPS/build/my_main -- -j4 -l4
