[0.076s] Invoking command in '/home/pi/CANOPS/build/my_main': CMAKE_PREFIX_PATH=${CMAKE_PREFIX_PATH}:/opt/ros/humble /usr/bin/cmake --build /home/pi/CANOPS/build/my_main -- -j4 -l4
[0.315s] [100%] Built target camera
[0.316s] [100%] Built target object
[0.352s] Invoked command in '/home/pi/CANOPS/build/my_main' returned '0': CMAKE_PREFIX_PATH=${CMAKE_PREFIX_PATH}:/opt/ros/humble /usr/bin/cmake --build /home/pi/CANOPS/build/my_main -- -j4 -l4
[0.534s] Invoking command in '/home/pi/CANOPS/build/my_main': CMAKE_PREFIX_PATH=${CMAKE_PREFIX_PATH}:/opt/ros/humble /usr/bin/cmake --install /home/pi/CANOPS/build/my_main
[0.562s] -- Install configuration: ""
[0.563s] -- Up-to-date: /home/pi/CANOPS/install/my_main/lib/my_main/camera
[0.565s] -- Up-to-date: /home/pi/CANOPS/install/my_main/lib/my_main/object
[0.566s] -- Up-to-date: /home/pi/CANOPS/install/my_main/share/my_main/launch
[0.566s] -- Up-to-date: /home/pi/CANOPS/install/my_main/share/my_main/launch/camera.launch.py
[0.567s] -- Up-to-date: /home/pi/CANOPS/install/my_main/share/ament_index/resource_index/package_run_dependencies/my_main
[0.567s] -- Up-to-date: /home/pi/CANOPS/install/my_main/share/ament_index/resource_index/parent_prefix_path/my_main
[0.568s] -- Up-to-date: /home/pi/CANOPS/install/my_main/share/my_main/environment/ament_prefix_path.sh
[0.568s] -- Up-to-date: /home/pi/CANOPS/install/my_main/share/my_main/environment/ament_prefix_path.dsv
[0.569s] -- Up-to-date: /home/pi/CANOPS/install/my_main/share/my_main/environment/path.sh
[0.569s] -- Up-to-date: /home/pi/CANOPS/install/my_main/share/my_main/environment/path.dsv
[0.570s] -- Up-to-date: /home/pi/CANOPS/install/my_main/share/my_main/local_setup.bash
[0.570s] -- Up-to-date: /home/pi/CANOPS/install/my_main/share/my_main/local_setup.sh
[0.571s] -- Up-to-date: /home/pi/CANOPS/install/my_main/share/my_main/local_setup.zsh
[0.571s] -- Up-to-date: /home/pi/CANOPS/install/my_main/share/my_main/local_setup.dsv
[0.571s] -- Up-to-date: /home/pi/CANOPS/install/my_main/share/my_main/package.dsv
[0.572s] -- Up-to-date: /home/pi/CANOPS/install/my_main/share/ament_index/resource_index/packages/my_main
[0.572s] -- Up-to-date: /home/pi/CANOPS/install/my_main/share/my_main/cmake/my_mainConfig.cmake
[0.572s] -- Up-to-date: /home/pi/CANOPS/install/my_main/share/my_main/cmake/my_mainConfig-version.cmake
[0.573s] -- Up-to-date: /home/pi/CANOPS/install/my_main/share/my_main/package.xml
[0.578s] Invoked command in '/home/pi/CANOPS/build/my_main' returned '0': CMAKE_PREFIX_PATH=${CMAKE_PREFIX_PATH}:/opt/ros/humble /usr/bin/cmake --install /home/pi/CANOPS/build/my_main
