[0.096s] Invoking command in '/home/pi/CANOPS/build/my_main': CMAKE_PREFIX_PATH=/opt/ros/humble /usr/bin/cmake --build /home/pi/CANOPS/build/my_main -- -j4 -l4
[0.438s] [35m[1mConsolidate compiler generated dependencies of target object[0m
[0.442s] [35m[1mConsolidate compiler generated dependencies of target CAN[0m
[0.585s] [ 16%] [32mBuilding CXX object CMakeFiles/CAN.dir/src/CANMessaging.cpp.o[0m
[0.603s] [ 50%] Built target camera
[0.608s] [ 83%] Built target object
[11.328s] [01m[K/home/pi/CANOPS/src/my_main/src/CANMessaging.cpp:[m[K In member function ‘[01m[Kvoid CANMessage::detect_callback(const Bool&)[m[K’:
[11.329s] [01m[K/home/pi/CANOPS/src/my_main/src/CANMessaging.cpp:36:37:[m[K [01;31m[Kerror: [m[Kcannot convert ‘[01m[Kstd::vector<unsigned char, std::allocator<unsigned char> >[m[K’ to ‘[01m[Kuint8_t*[m[K’ {aka ‘[01m[Kunsigned char*[m[K’}
[11.330s]    36 |                     SendMessage(ID, [01;31m[KsendData[m[K, LEN);
[11.330s]       |                                     [01;31m[K^~~~~~~~[m[K
[11.331s]       |                                     [01;31m[K|[m[K
[11.331s]       |                                     [01;31m[Kstd::vector<unsigned char, std::allocator<unsigned char> >[m[K
[11.332s] [01m[K/home/pi/CANOPS/src/my_main/src/CANMessaging.cpp:53:52:[m[K [01;36m[Knote: [m[K  initializing argument 2 of ‘[01m[Kvoid CANMessage::SendMessage(uint32_t, uint8_t*, uint8_t)[m[K’
[11.332s]    53 |             void SendMessage(uint32_t id, [01;36m[Kuint8_t* data[m[K, uint8_t length ){
[11.333s]       |                                           [01;36m[K~~~~~~~~~^~~~[m[K
[11.333s] [01m[K/home/pi/CANOPS/src/my_main/src/CANMessaging.cpp:40:37:[m[K [01;31m[Kerror: [m[Kcannot convert ‘[01m[Kstd::vector<unsigned char, std::allocator<unsigned char> >[m[K’ to ‘[01m[Kuint8_t*[m[K’ {aka ‘[01m[Kunsigned char*[m[K’}
[11.333s]    40 |                     SendMessage(ID, [01;31m[KsendData[m[K, LEN);
[11.334s]       |                                     [01;31m[K^~~~~~~~[m[K
[11.334s]       |                                     [01;31m[K|[m[K
[11.335s]       |                                     [01;31m[Kstd::vector<unsigned char, std::allocator<unsigned char> >[m[K
[11.335s] [01m[K/home/pi/CANOPS/src/my_main/src/CANMessaging.cpp:53:52:[m[K [01;36m[Knote: [m[K  initializing argument 2 of ‘[01m[Kvoid CANMessage::SendMessage(uint32_t, uint8_t*, uint8_t)[m[K’
[11.336s]    53 |             void SendMessage(uint32_t id, [01;36m[Kuint8_t* data[m[K, uint8_t length ){
[11.336s]       |                                           [01;36m[K~~~~~~~~~^~~~[m[K
[11.337s] [01m[K/home/pi/CANOPS/src/my_main/src/CANMessaging.cpp:44:37:[m[K [01;31m[Kerror: [m[Kcannot convert ‘[01m[Kstd::vector<unsigned char, std::allocator<unsigned char> >[m[K’ to ‘[01m[Kuint8_t*[m[K’ {aka ‘[01m[Kunsigned char*[m[K’}
[11.337s]    44 |                     SendMessage(ID, [01;31m[KsendData[m[K, LEN);
[11.337s]       |                                     [01;31m[K^~~~~~~~[m[K
[11.338s]       |                                     [01;31m[K|[m[K
[11.338s]       |                                     [01;31m[Kstd::vector<unsigned char, std::allocator<unsigned char> >[m[K
[11.339s] [01m[K/home/pi/CANOPS/src/my_main/src/CANMessaging.cpp:53:52:[m[K [01;36m[Knote: [m[K  initializing argument 2 of ‘[01m[Kvoid CANMessage::SendMessage(uint32_t, uint8_t*, uint8_t)[m[K’
[11.339s]    53 |             void SendMessage(uint32_t id, [01;36m[Kuint8_t* data[m[K, uint8_t length ){
[11.340s]       |                                           [01;36m[K~~~~~~~~~^~~~[m[K
[11.340s] [01m[K/home/pi/CANOPS/src/my_main/src/CANMessaging.cpp:48:37:[m[K [01;31m[Kerror: [m[Kcannot convert ‘[01m[Kstd::vector<unsigned char, std::allocator<unsigned char> >[m[K’ to ‘[01m[Kuint8_t*[m[K’ {aka ‘[01m[Kunsigned char*[m[K’}
[11.340s]    48 |                     SendMessage(ID, [01;31m[KsendData[m[K, LEN);
[11.341s]       |                                     [01;31m[K^~~~~~~~[m[K
[11.341s]       |                                     [01;31m[K|[m[K
[11.342s]       |                                     [01;31m[Kstd::vector<unsigned char, std::allocator<unsigned char> >[m[K
[11.342s] [01m[K/home/pi/CANOPS/src/my_main/src/CANMessaging.cpp:53:52:[m[K [01;36m[Knote: [m[K  initializing argument 2 of ‘[01m[Kvoid CANMessage::SendMessage(uint32_t, uint8_t*, uint8_t)[m[K’
[11.343s]    53 |             void SendMessage(uint32_t id, [01;36m[Kuint8_t* data[m[K, uint8_t length ){
[11.343s]       |                                           [01;36m[K~~~~~~~~~^~~~[m[K
[11.344s] [01m[K/home/pi/CANOPS/src/my_main/src/CANMessaging.cpp:[m[K In member function ‘[01m[Kvoid CANMessage::SendMessage(uint32_t, uint8_t*, uint8_t)[m[K’:
[11.344s] [01m[K/home/pi/CANOPS/src/my_main/src/CANMessaging.cpp:59:43:[m[K [01;31m[Kerror: [m[Krequest for member ‘[01m[Kdata[m[K’ in ‘[01m[Kdata[m[K’, which is of non-class type ‘[01m[Kuint8_t*[m[K’ {aka ‘[01m[Kunsigned char*[m[K’}
[11.345s]    59 |                 memcpy(message.DATA, data.[01;31m[Kdata[m[K(), length);
[11.345s]       |                                           [01;31m[K^~~~[m[K
[19.791s] gmake[2]: *** [CMakeFiles/CAN.dir/build.make:76: CMakeFiles/CAN.dir/src/CANMessaging.cpp.o] Error 1
[19.792s] gmake[1]: *** [CMakeFiles/Makefile2:193: CMakeFiles/CAN.dir/all] Error 2
[19.793s] gmake: *** [Makefile:146: all] Error 2
[19.800s] Invoked command in '/home/pi/CANOPS/build/my_main' returned '2': CMAKE_PREFIX_PATH=/opt/ros/humble /usr/bin/cmake --build /home/pi/CANOPS/build/my_main -- -j4 -l4
