[0.434s] DEBUG:colcon:Command line arguments: ['/usr/bin/colcon', 'build']
[0.434s] DEBUG:colcon:Parsed command line arguments: Namespace(log_base=None, log_level=None, verb_name='build', build_base='build', install_base='install', merge_install=False, symlink_install=False, test_result_base=None, continue_on_error=False, executor='parallel', parallel_workers=4, event_handlers=None, ignore_user_meta=False, metas=['./colcon.meta'], base_paths=['.'], packages_ignore=None, packages_ignore_regex=None, paths=None, packages_up_to=None, packages_up_to_regex=None, packages_above=None, packages_above_and_dependencies=None, packages_above_depth=None, packages_select_by_dep=None, packages_skip_by_dep=None, packages_skip_up_to=None, packages_select_build_failed=False, packages_skip_build_finished=False, packages_select_test_failures=False, packages_skip_test_passed=False, packages_select=None, packages_skip=None, packages_select_regex=None, packages_skip_regex=None, packages_start=None, packages_end=None, allow_overriding=[], cmake_args=None, cmake_target=None, cmake_target_skip_unavailable=False, cmake_clean_cache=False, cmake_clean_first=False, cmake_force_configure=False, ament_cmake_args=None, catkin_cmake_args=None, catkin_skip_building_tests=False, verb_parser=<colcon_defaults.argument_parser.defaults.DefaultArgumentsDecorator object at 0xffffb054fa30>, verb_extension=<colcon_core.verb.build.BuildVerb object at 0xffffb054f5e0>, main=<bound method BuildVerb.main of <colcon_core.verb.build.BuildVerb object at 0xffffb054f5e0>>)
[1.251s] Level 1:colcon.colcon_core.package_discovery:discover_packages(colcon_meta) check parameters
[1.251s] Level 1:colcon.colcon_core.package_discovery:discover_packages(recursive) check parameters
[1.251s] Level 1:colcon.colcon_core.package_discovery:discover_packages(ignore) check parameters
[1.252s] Level 1:colcon.colcon_core.package_discovery:discover_packages(path) check parameters
[1.252s] Level 1:colcon.colcon_core.package_discovery:discover_packages(colcon_meta) discover
[1.252s] Level 1:colcon.colcon_core.package_discovery:discover_packages(recursive) discover
[1.252s] INFO:colcon.colcon_core.package_discovery:Crawling recursively for packages in '/home/pi/CANOPS'
[1.252s] Level 1:colcon.colcon_core.package_identification:_identify(.) by extensions ['ignore', 'ignore_ament_install']
[1.253s] Level 1:colcon.colcon_core.package_identification:_identify(.) by extension 'ignore'
[1.254s] Level 1:colcon.colcon_core.package_identification:_identify(.) by extension 'ignore_ament_install'
[1.254s] Level 1:colcon.colcon_core.package_identification:_identify(.) by extensions ['colcon_pkg']
[1.254s] Level 1:colcon.colcon_core.package_identification:_identify(.) by extension 'colcon_pkg'
[1.254s] Level 1:colcon.colcon_core.package_identification:_identify(.) by extensions ['colcon_meta']
[1.254s] Level 1:colcon.colcon_core.package_identification:_identify(.) by extension 'colcon_meta'
[1.254s] Level 1:colcon.colcon_core.package_identification:_identify(.) by extensions ['ros']
[1.255s] Level 1:colcon.colcon_core.package_identification:_identify(.) by extension 'ros'
[1.298s] Level 1:colcon.colcon_core.package_identification:_identify(.) by extensions ['cmake', 'python']
[1.299s] Level 1:colcon.colcon_core.package_identification:_identify(.) by extension 'cmake'
[1.299s] Level 1:colcon.colcon_core.package_identification:_identify(.) by extension 'python'
[1.299s] Level 1:colcon.colcon_core.package_identification:_identify(.) by extensions ['python_setup_py']
[1.299s] Level 1:colcon.colcon_core.package_identification:_identify(.) by extension 'python_setup_py'
[1.300s] Level 1:colcon.colcon_core.package_identification:_identify(build) by extensions ['ignore', 'ignore_ament_install']
[1.300s] Level 1:colcon.colcon_core.package_identification:_identify(build) by extension 'ignore'
[1.300s] Level 1:colcon.colcon_core.package_identification:_identify(build) ignored
[1.301s] Level 1:colcon.colcon_core.package_identification:_identify(install) by extensions ['ignore', 'ignore_ament_install']
[1.301s] Level 1:colcon.colcon_core.package_identification:_identify(install) by extension 'ignore'
[1.301s] Level 1:colcon.colcon_core.package_identification:_identify(install) ignored
[1.302s] Level 1:colcon.colcon_core.package_identification:_identify(log) by extensions ['ignore', 'ignore_ament_install']
[1.302s] Level 1:colcon.colcon_core.package_identification:_identify(log) by extension 'ignore'
[1.302s] Level 1:colcon.colcon_core.package_identification:_identify(log) ignored
[1.303s] Level 1:colcon.colcon_core.package_identification:_identify(src) by extensions ['ignore', 'ignore_ament_install']
[1.303s] Level 1:colcon.colcon_core.package_identification:_identify(src) by extension 'ignore'
[1.303s] Level 1:colcon.colcon_core.package_identification:_identify(src) by extension 'ignore_ament_install'
[1.303s] Level 1:colcon.colcon_core.package_identification:_identify(src) by extensions ['colcon_pkg']
[1.303s] Level 1:colcon.colcon_core.package_identification:_identify(src) by extension 'colcon_pkg'
[1.304s] Level 1:colcon.colcon_core.package_identification:_identify(src) by extensions ['colcon_meta']
[1.304s] Level 1:colcon.colcon_core.package_identification:_identify(src) by extension 'colcon_meta'
[1.304s] Level 1:colcon.colcon_core.package_identification:_identify(src) by extensions ['ros']
[1.304s] Level 1:colcon.colcon_core.package_identification:_identify(src) by extension 'ros'
[1.304s] Level 1:colcon.colcon_core.package_identification:_identify(src) by extensions ['cmake', 'python']
[1.305s] Level 1:colcon.colcon_core.package_identification:_identify(src) by extension 'cmake'
[1.305s] Level 1:colcon.colcon_core.package_identification:_identify(src) by extension 'python'
[1.305s] Level 1:colcon.colcon_core.package_identification:_identify(src) by extensions ['python_setup_py']
[1.305s] Level 1:colcon.colcon_core.package_identification:_identify(src) by extension 'python_setup_py'
[1.305s] Level 1:colcon.colcon_core.package_identification:_identify(src/my_main) by extensions ['ignore', 'ignore_ament_install']
[1.306s] Level 1:colcon.colcon_core.package_identification:_identify(src/my_main) by extension 'ignore'
[1.306s] Level 1:colcon.colcon_core.package_identification:_identify(src/my_main) by extension 'ignore_ament_install'
[1.306s] Level 1:colcon.colcon_core.package_identification:_identify(src/my_main) by extensions ['colcon_pkg']
[1.306s] Level 1:colcon.colcon_core.package_identification:_identify(src/my_main) by extension 'colcon_pkg'
[1.306s] Level 1:colcon.colcon_core.package_identification:_identify(src/my_main) by extensions ['colcon_meta']
[1.307s] Level 1:colcon.colcon_core.package_identification:_identify(src/my_main) by extension 'colcon_meta'
[1.307s] Level 1:colcon.colcon_core.package_identification:_identify(src/my_main) by extensions ['ros']
[1.307s] Level 1:colcon.colcon_core.package_identification:_identify(src/my_main) by extension 'ros'
[1.316s] DEBUG:colcon.colcon_core.package_identification:Package 'src/my_main' with type 'ros.ament_cmake' and name 'my_main'
[1.316s] Level 1:colcon.colcon_core.package_discovery:discover_packages(recursive) using defaults
[1.316s] Level 1:colcon.colcon_core.package_discovery:discover_packages(ignore) discover
[1.316s] Level 1:colcon.colcon_core.package_discovery:discover_packages(ignore) using defaults
[1.317s] Level 1:colcon.colcon_core.package_discovery:discover_packages(path) discover
[1.317s] Level 1:colcon.colcon_core.package_discovery:discover_packages(path) using defaults
[1.396s] Level 1:colcon.colcon_core.package_discovery:discover_packages(prefix_path) check parameters
[1.397s] Level 1:colcon.colcon_core.package_discovery:discover_packages(prefix_path) discover
[1.410s] DEBUG:colcon.colcon_installed_package_information.package_discovery:Found 1 installed packages in /home/pi/CANOPS/install
[1.417s] DEBUG:colcon.colcon_installed_package_information.package_discovery:Found 181 installed packages in /opt/ros/humble
[1.422s] Level 1:colcon.colcon_core.package_discovery:discover_packages(prefix_path) using defaults
[1.530s] Level 5:colcon.colcon_core.verb:set package 'my_main' build argument 'cmake_args' from command line to 'None'
[1.531s] Level 5:colcon.colcon_core.verb:set package 'my_main' build argument 'cmake_target' from command line to 'None'
[1.531s] Level 5:colcon.colcon_core.verb:set package 'my_main' build argument 'cmake_target_skip_unavailable' from command line to 'False'
[1.531s] Level 5:colcon.colcon_core.verb:set package 'my_main' build argument 'cmake_clean_cache' from command line to 'False'
[1.531s] Level 5:colcon.colcon_core.verb:set package 'my_main' build argument 'cmake_clean_first' from command line to 'False'
[1.531s] Level 5:colcon.colcon_core.verb:set package 'my_main' build argument 'cmake_force_configure' from command line to 'False'
[1.531s] Level 5:colcon.colcon_core.verb:set package 'my_main' build argument 'ament_cmake_args' from command line to 'None'
[1.531s] Level 5:colcon.colcon_core.verb:set package 'my_main' build argument 'catkin_cmake_args' from command line to 'None'
[1.531s] Level 5:colcon.colcon_core.verb:set package 'my_main' build argument 'catkin_skip_building_tests' from command line to 'False'
[1.532s] DEBUG:colcon.colcon_core.verb:Building package 'my_main' with the following arguments: {'ament_cmake_args': None, 'build_base': '/home/pi/CANOPS/build/my_main', 'catkin_cmake_args': None, 'catkin_skip_building_tests': False, 'cmake_args': None, 'cmake_clean_cache': False, 'cmake_clean_first': False, 'cmake_force_configure': False, 'cmake_target': None, 'cmake_target_skip_unavailable': False, 'install_base': '/home/pi/CANOPS/install/my_main', 'merge_install': False, 'path': '/home/pi/CANOPS/src/my_main', 'symlink_install': False, 'test_result_base': None}
[1.532s] INFO:colcon.colcon_core.executor:Executing jobs using 'parallel' executor
[1.536s] DEBUG:colcon.colcon_parallel_executor.executor.parallel:run_until_complete
[1.537s] INFO:colcon.colcon_ros.task.ament_cmake.build:Building ROS package in '/home/pi/CANOPS/src/my_main' with build type 'ament_cmake'
[1.537s] INFO:colcon.colcon_cmake.task.cmake.build:Building CMake package in '/home/pi/CANOPS/src/my_main'
[1.546s] INFO:colcon.colcon_core.plugin_system:Skipping extension 'colcon_core.shell.bat': Not used on non-Windows systems
[1.546s] INFO:colcon.colcon_core.shell:Skip shell extension 'powershell' for command environment: Not usable outside of PowerShell
[1.546s] DEBUG:colcon.colcon_core.shell:Skip shell extension 'dsv' for command environment
[1.620s] DEBUG:colcon.colcon_core.event_handler.log_command:Invoking command in '/home/pi/CANOPS/build/my_main': CMAKE_PREFIX_PATH=${CMAKE_PREFIX_PATH}:/opt/ros/humble /usr/bin/cmake --build /home/pi/CANOPS/build/my_main -- -j4 -l4
[6.430s] DEBUG:colcon.colcon_core.event_handler.log_command:Invoked command in '/home/pi/CANOPS/build/my_main' returned '0': CMAKE_PREFIX_PATH=${CMAKE_PREFIX_PATH}:/opt/ros/humble /usr/bin/cmake --build /home/pi/CANOPS/build/my_main -- -j4 -l4
[6.612s] DEBUG:colcon.colcon_core.event_handler.log_command:Invoking command in '/home/pi/CANOPS/build/my_main': CMAKE_PREFIX_PATH=${CMAKE_PREFIX_PATH}:/opt/ros/humble /usr/bin/cmake --install /home/pi/CANOPS/build/my_main
[6.663s] Level 1:colcon.colcon_core.environment:create_environment_scripts_only(my_main)
[6.665s] DEBUG:colcon.colcon_core.event_handler.log_command:Invoked command in '/home/pi/CANOPS/build/my_main' returned '0': CMAKE_PREFIX_PATH=${CMAKE_PREFIX_PATH}:/opt/ros/humble /usr/bin/cmake --install /home/pi/CANOPS/build/my_main
[6.675s] Level 1:colcon.colcon_core.environment:checking '/home/pi/CANOPS/install/my_main' for CMake module files
[6.678s] Level 1:colcon.colcon_core.environment:checking '/home/pi/CANOPS/install/my_main' for CMake config files
[6.680s] Level 1:colcon.colcon_core.shell:create_environment_hook('my_main', 'cmake_prefix_path')
[6.681s] INFO:colcon.colcon_core.shell:Creating environment hook '/home/pi/CANOPS/install/my_main/share/my_main/hook/cmake_prefix_path.ps1'
[6.684s] INFO:colcon.colcon_core.shell:Creating environment descriptor '/home/pi/CANOPS/install/my_main/share/my_main/hook/cmake_prefix_path.dsv'
[6.686s] INFO:colcon.colcon_core.shell:Creating environment hook '/home/pi/CANOPS/install/my_main/share/my_main/hook/cmake_prefix_path.sh'
[6.690s] Level 1:colcon.colcon_core.environment:checking '/home/pi/CANOPS/install/my_main/lib'
[6.691s] Level 1:colcon.colcon_core.environment:checking '/home/pi/CANOPS/install/my_main/bin'
[6.691s] Level 1:colcon.colcon_core.environment:checking '/home/pi/CANOPS/install/my_main/lib/pkgconfig/my_main.pc'
[6.692s] Level 1:colcon.colcon_core.environment:checking '/home/pi/CANOPS/install/my_main/lib/python3.10/site-packages'
[6.693s] Level 1:colcon.colcon_core.environment:checking '/home/pi/CANOPS/install/my_main/bin'
[6.694s] INFO:colcon.colcon_core.shell:Creating package script '/home/pi/CANOPS/install/my_main/share/my_main/package.ps1'
[6.697s] INFO:colcon.colcon_core.shell:Creating package descriptor '/home/pi/CANOPS/install/my_main/share/my_main/package.dsv'
[6.700s] INFO:colcon.colcon_core.shell:Creating package script '/home/pi/CANOPS/install/my_main/share/my_main/package.sh'
[6.703s] INFO:colcon.colcon_core.shell:Creating package script '/home/pi/CANOPS/install/my_main/share/my_main/package.bash'
[6.706s] INFO:colcon.colcon_core.shell:Creating package script '/home/pi/CANOPS/install/my_main/share/my_main/package.zsh'
[6.709s] Level 1:colcon.colcon_core.environment:create_file_with_runtime_dependencies(/home/pi/CANOPS/install/my_main/share/colcon-core/packages/my_main)
[6.855s] Level 1:colcon.colcon_core.environment:create_environment_scripts_only(my_main)
[6.856s] Level 1:colcon.colcon_core.environment:checking '/home/pi/CANOPS/install/my_main' for CMake module files
[6.860s] Level 1:colcon.colcon_core.environment:checking '/home/pi/CANOPS/install/my_main' for CMake config files
[6.863s] Level 1:colcon.colcon_core.shell:create_environment_hook('my_main', 'cmake_prefix_path')
[6.864s] INFO:colcon.colcon_core.shell:Creating environment hook '/home/pi/CANOPS/install/my_main/share/my_main/hook/cmake_prefix_path.ps1'
[6.866s] INFO:colcon.colcon_core.shell:Creating environment descriptor '/home/pi/CANOPS/install/my_main/share/my_main/hook/cmake_prefix_path.dsv'
[6.868s] INFO:colcon.colcon_core.shell:Creating environment hook '/home/pi/CANOPS/install/my_main/share/my_main/hook/cmake_prefix_path.sh'
[6.872s] Level 1:colcon.colcon_core.environment:checking '/home/pi/CANOPS/install/my_main/lib'
[6.872s] Level 1:colcon.colcon_core.environment:checking '/home/pi/CANOPS/install/my_main/bin'
[6.873s] Level 1:colcon.colcon_core.environment:checking '/home/pi/CANOPS/install/my_main/lib/pkgconfig/my_main.pc'
[6.873s] Level 1:colcon.colcon_core.environment:checking '/home/pi/CANOPS/install/my_main/lib/python3.10/site-packages'
[6.874s] Level 1:colcon.colcon_core.environment:checking '/home/pi/CANOPS/install/my_main/bin'
[6.875s] INFO:colcon.colcon_core.shell:Creating package script '/home/pi/CANOPS/install/my_main/share/my_main/package.ps1'
[6.877s] INFO:colcon.colcon_core.shell:Creating package descriptor '/home/pi/CANOPS/install/my_main/share/my_main/package.dsv'
[6.880s] INFO:colcon.colcon_core.shell:Creating package script '/home/pi/CANOPS/install/my_main/share/my_main/package.sh'
[6.882s] INFO:colcon.colcon_core.shell:Creating package script '/home/pi/CANOPS/install/my_main/share/my_main/package.bash'
[6.884s] INFO:colcon.colcon_core.shell:Creating package script '/home/pi/CANOPS/install/my_main/share/my_main/package.zsh'
[6.886s] Level 1:colcon.colcon_core.environment:create_file_with_runtime_dependencies(/home/pi/CANOPS/install/my_main/share/colcon-core/packages/my_main)
[6.887s] DEBUG:colcon.colcon_parallel_executor.executor.parallel:closing loop
[6.889s] DEBUG:colcon.colcon_parallel_executor.executor.parallel:loop closed
[6.889s] DEBUG:colcon.colcon_parallel_executor.executor.parallel:run_until_complete finished with '0'
[6.889s] DEBUG:colcon.colcon_core.event_reactor:joining thread
[6.912s] INFO:colcon.colcon_core.plugin_system:Skipping extension 'colcon_notification.desktop_notification.terminal_notifier': Not used on non-Darwin systems
[6.913s] INFO:colcon.colcon_core.plugin_system:Skipping extension 'colcon_notification.desktop_notification.win32': Not used on non-Windows systems
[6.913s] INFO:colcon.colcon_notification.desktop_notification:Sending desktop notification using 'notify2'
[6.917s] DEBUG:colcon.colcon_notification.desktop_notification.notify2:Failed to initialize notify2: org.freedesktop.DBus.Error.ServiceUnknown: The name org.freedesktop.Notifications was not provided by any .service files
[6.917s] DEBUG:colcon.colcon_core.event_reactor:joined thread
[6.918s] INFO:colcon.colcon_core.shell:Creating prefix script '/home/pi/CANOPS/install/local_setup.ps1'
[6.923s] INFO:colcon.colcon_core.shell:Creating prefix util module '/home/pi/CANOPS/install/_local_setup_util_ps1.py'
[6.929s] INFO:colcon.colcon_core.shell:Creating prefix chain script '/home/pi/CANOPS/install/setup.ps1'
[6.933s] INFO:colcon.colcon_core.shell:Creating prefix script '/home/pi/CANOPS/install/local_setup.sh'
[6.936s] INFO:colcon.colcon_core.shell:Creating prefix util module '/home/pi/CANOPS/install/_local_setup_util_sh.py'
[6.939s] INFO:colcon.colcon_core.shell:Creating prefix chain script '/home/pi/CANOPS/install/setup.sh'
[6.944s] INFO:colcon.colcon_core.shell:Creating prefix script '/home/pi/CANOPS/install/local_setup.bash'
[6.946s] INFO:colcon.colcon_core.shell:Creating prefix chain script '/home/pi/CANOPS/install/setup.bash'
[6.950s] INFO:colcon.colcon_core.shell:Creating prefix script '/home/pi/CANOPS/install/local_setup.zsh'
[6.953s] INFO:colcon.colcon_core.shell:Creating prefix chain script '/home/pi/CANOPS/install/setup.zsh'
